<?xml version="1.0" encoding="UTF-8"?>
<testsuite xmlns:xsi="http://www.w3.org/2001/XMLSchema-instance" xsi:noNamespaceSchemaLocation="https://maven.apache.org/surefire/maven-surefire-plugin/xsd/surefire-test-report-3.0.xsd" version="3.0" name="TestSuite" time="203.259" tests="3" errors="0" skipped="0" failures="2">
  <properties>
[...]
</properties>
  <testcase name="SignUpTest" classname="com.testCases.TC_Android_001" time="24.525"/>
  <testcase name="SignUpTest" classname="com.testCases.TC_Android_001" time="18.602">
    <failure message="expected [please enter a valid email] but found [Purposely fail:please enter a valid email]" type="java.lang.AssertionError"><![CDATA[java.lang.AssertionError: expected [please enter a valid email] but found [Purposely fail:please enter a valid email]
	at com.testCases.TC_Android_001.SignUpTest(TC_Android_001.java:74)
]]></failure>
    <system-out><![CDATA[&amp#27;[35m[Appium]&amp#27;[39m Welcome to Appium v1.18.0
&amp#27;[35m[Appium]&amp#27;[39m Appium REST http interface listener started on 0.0.0.0:4723
&amp#27;[35m[HTTP]&amp#27;[39m &amp#27;[37m-->&amp#27;[39m &amp#27;[37mGET&amp#27;[39m &amp#27;[37m/wd/hub/status&amp#27;[39m
&amp#27;[35m[HTTP]&amp#27;[39m &amp#27;[90m{}&amp#27;[39m
[debug] &amp#27;[35m[GENERIC]&amp#27;[39m Calling AppiumDriver.getStatus() with args: []
[debug] &amp#27;[35m[GENERIC]&amp#27;[39m Responding to client with driver.getStatus() result: {"build":{"version":"1.18.0"}}
&amp#27;[35m[HTTP]&amp#27;[39m &amp#27;[37m<-- GET /wd/hub/status &amp#27;[39m&amp#27;[32m200&amp#27;[39m &amp#27;[90m10 ms - 68&amp#27;[39m
&amp#27;[35m[HTTP]&amp#27;[39m &amp#27;[90m&amp#27;[39m
DEBUG [main] (BaseClass.java:106)- Debug logging has started 
&amp#27;[35m[HTTP]&amp#27;[39m &amp#27;[37m-->&amp#27;[39m &amp#27;[37mPOST&amp#27;[39m &amp#27;[37m/wd/hub/session&amp#27;[39m
&amp#27;[35m[HTTP]&amp#27;[39m &amp#27;[90m{"desiredCapabilities":{"app":"Freshii_v2.0.23_apkpure.com.apk","automationName":"uiautomator2","platformName":"Android"},"capabilities":{"firstMatch":[{"appium:app":"Freshii_v2.0.23_apkpure.com.apk","appium:automationName":"uiautomator2","platformName":"android"}]}}&amp#27;[39m
[debug] &amp#27;[35m[W3C]&amp#27;[39m Calling AppiumDriver.createSession() with args: [{"app":"Freshii_v2.0.23_apkpure.com.apk","automationName":"uiautomator2","platformName":"Android"},null,{"firstMatch":[{"appium:app":"Freshii_v2.0.23_apkpure.com.apk","appium:automationName":"uiautomator2","platformName":"android"}]}]
[debug] &amp#27;[35m[BaseDriver]&amp#27;[39m Event 'newSessionRequested' logged at 1597440877860 (17:34:37 GMT-0400 (Eastern Daylight Time))
&amp#27;[35m[Appium]&amp#27;[39m Appium v1.18.0 creating new AndroidUiautomator2Driver (v1.56.1) session
[debug] &amp#27;[35m[BaseDriver]&amp#27;[39m W3C capabilities and MJSONWP desired capabilities were provided
[debug] &amp#27;[35m[BaseDriver]&amp#27;[39m Creating session with W3C capabilities: {
[debug] &amp#27;[35m[BaseDriver]&amp#27;[39m   "alwaysMatch": {
[debug] &amp#27;[35m[BaseDriver]&amp#27;[39m     "platformName": "android",
[debug] &amp#27;[35m[BaseDriver]&amp#27;[39m     "appium:app": "Freshii_v2.0.23_apkpure.com.apk",
[debug] &amp#27;[35m[BaseDriver]&amp#27;[39m     "appium:automationName": "uiautomator2"
[debug] &amp#27;[35m[BaseDriver]&amp#27;[39m   },
[debug] &amp#27;[35m[BaseDriver]&amp#27;[39m   "firstMatch": [
[debug] &amp#27;[35m[BaseDriver]&amp#27;[39m     {}
[debug] &amp#27;[35m[BaseDriver]&amp#27;[39m   ]
[debug] &amp#27;[35m[BaseDriver]&amp#27;[39m }
&amp#27;[35m[BaseDriver]&amp#27;[39m Session created with session id: a9b87e17-c8ab-4a29-92fe-4d73cbbccd90
&amp#27;[35m[BaseDriver]&amp#27;[39m Using local app 'Freshii_v2.0.23_apkpure.com.apk'
&amp#27;[35m[BaseDriver]&amp#27;[39m The current application path 'Freshii_v2.0.23_apkpure.com.apk' is not absolute and has been rewritten to 'C:\Users\shuhang\.jenkins\DemoAppiumAndroid\Freshii_v2.0.23_apkpure.com.apk'. Consider using absolute paths rather than relative
[debug] &amp#27;[35m[UiAutomator2]&amp#27;[39m Checking whether app is actually present
&amp#27;[35m[ADB]&amp#27;[39m Found 3 'build-tools' folders under 'C:\Users\shuhang\AppData\Local\Android\Sdk' (newest first):
&amp#27;[35m[ADB]&amp#27;[39m     C:/Users/shuhang/AppData/Local/Android/Sdk/build-tools/30.0.0-rc3
&amp#27;[35m[ADB]&amp#27;[39m     C:/Users/shuhang/AppData/Local/Android/Sdk/build-tools/30.0.0-rc2
&amp#27;[35m[ADB]&amp#27;[39m     C:/Users/shuhang/AppData/Local/Android/Sdk/build-tools/29.0.3
&amp#27;[35m[ADB]&amp#27;[39m Using 'adb.exe' from 'C:\Users\shuhang\AppData\Local\Android\Sdk\platform-tools\adb.exe'
[debug] &amp#27;[35m[ADB]&amp#27;[39m Running 'C:\Users\shuhang\AppData\Local\Android\Sdk\platform-tools\adb.exe -P 5037 start-server'
&amp#27;[35m[AndroidDriver]&amp#27;[39m Retrieving device list
[debug] &amp#27;[35m[ADB]&amp#27;[39m Trying to find a connected android device
[debug] &amp#27;[35m[ADB]&amp#27;[39m Getting connected devices
[debug] &amp#27;[35m[ADB]&amp#27;[39m Connected devices: [{"udid":"emulator-5554","state":"device"}]
&amp#27;[35m[AndroidDriver]&amp#27;[39m Using device: emulator-5554
&amp#27;[35m[ADB]&amp#27;[39m Using 'adb.exe' from 'C:\Users\shuhang\AppData\Local\Android\Sdk\platform-tools\adb.exe'
[debug] &amp#27;[35m[ADB]&amp#27;[39m Running 'C:\Users\shuhang\AppData\Local\Android\Sdk\platform-tools\adb.exe -P 5037 start-server'
[debug] &amp#27;[35m[ADB]&amp#27;[39m Setting device id to emulator-5554
[debug] &amp#27;[35m[ADB]&amp#27;[39m Running 'C:\Users\shuhang\AppData\Local\Android\Sdk\platform-tools\adb.exe -P 5037 -s emulator-5554 shell getprop ro.build.version.sdk'
[debug] &amp#27;[35m[ADB]&amp#27;[39m Current device property 'ro.build.version.sdk': 29
&amp#27;[35m[ADB]&amp#27;[39m Getting device platform version
[debug] &amp#27;[35m[ADB]&amp#27;[39m Running 'C:\Users\shuhang\AppData\Local\Android\Sdk\platform-tools\adb.exe -P 5037 -s emulator-5554 shell getprop ro.build.version.release'
[debug] &amp#27;[35m[ADB]&amp#27;[39m Current device property 'ro.build.version.release': 10
[debug] &amp#27;[35m[ADB]&amp#27;[39m Device API level: 29
&amp#27;[35m[UiAutomator2]&amp#27;[39m Relaxing hidden api policy
[debug] &amp#27;[35m[ADB]&amp#27;[39m Running 'C:\Users\shuhang\AppData\Local\Android\Sdk\platform-tools\adb.exe -P 5037 -s emulator-5554 shell 'settings put global hidden_api_policy_pre_p_apps 1;settings put global hidden_api_policy_p_apps 1;settings put global hidden_api_policy 1''
[debug] &amp#27;[35m[AndroidDriver]&amp#27;[39m Parsing package and activity from app manifest
&amp#27;[35m[ADB]&amp#27;[39m Package name: 'com.freshii.freshii'
&amp#27;[35m[ADB]&amp#27;[39m Main activity name: 'com.unoapp.freshii.ui.activity.Splash'
[debug] &amp#27;[35m[AndroidDriver]&amp#27;[39m Parsed package and activity are: com.freshii.freshii/com.unoapp.freshii.ui.activity.Splash
[debug] &amp#27;[35m[ADB]&amp#27;[39m Running 'C:\Users\shuhang\AppData\Local\Android\Sdk\platform-tools\adb.exe -P 5037 -s emulator-5554 wait-for-device'
[debug] &amp#27;[35m[ADB]&amp#27;[39m Running 'C:\Users\shuhang\AppData\Local\Android\Sdk\platform-tools\adb.exe -P 5037 -s emulator-5554 shell echo ping'
[debug] &amp#27;[35m[AndroidDriver]&amp#27;[39m Pushing settings apk to device...
[debug] &amp#27;[35m[ADB]&amp#27;[39m Getting install status for io.appium.settings
[debug] &amp#27;[35m[ADB]&amp#27;[39m Running 'C:\Users\shuhang\AppData\Local\Android\Sdk\platform-tools\adb.exe -P 5037 -s emulator-5554 shell dumpsys package io.appium.settings'
[debug] &amp#27;[35m[ADB]&amp#27;[39m 'io.appium.settings' is installed
[debug] &amp#27;[35m[ADB]&amp#27;[39m Getting package info for 'io.appium.settings'
[debug] &amp#27;[35m[ADB]&amp#27;[39m Running 'C:\Users\shuhang\AppData\Local\Android\Sdk\platform-tools\adb.exe -P 5037 -s emulator-5554 shell dumpsys package io.appium.settings'
[debug] &amp#27;[35m[ADB]&amp#27;[39m The version name of the installed 'io.appium.settings' is greater or equal to the application version name ('3.2.0' >= '3.2.0')
[debug] &amp#27;[35m[ADB]&amp#27;[39m There is no need to install/upgrade 'C:\Users\shuhang\AppData\Roaming\npm\node_modules\appium\node_modules\io.appium.settings\apks\settings_apk-debug.apk'
[debug] &amp#27;[35m[ADB]&amp#27;[39m Getting IDs of all 'io.appium.settings' processes
[debug] &amp#27;[35m[ADB]&amp#27;[39m Running 'C:\Users\shuhang\AppData\Local\Android\Sdk\platform-tools\adb.exe -P 5037 -s emulator-5554 shell 'pgrep --help; echo $?''
[debug] &amp#27;[35m[ADB]&amp#27;[39m Running 'C:\Users\shuhang\AppData\Local\Android\Sdk\platform-tools\adb.exe -P 5037 -s emulator-5554 shell pgrep -f io\\.appium\\.settings'
[debug] &amp#27;[35m[AndroidDriver]&amp#27;[39m io.appium.settings is already running. There is no need to reset its permissions.
[debug] &amp#27;[35m[Logcat]&amp#27;[39m Starting logs capture with command: C:\\Users\\shuhang\\AppData\\Local\\Android\\Sdk\\platform-tools\\adb.exe -P 5037 -s emulator-5554 logcat -v threadtime
[debug] &amp#27;[35m[UiAutomator2]&amp#27;[39m Forwarding UiAutomator2 Server port 6790 to 8225
[debug] &amp#27;[35m[ADB]&amp#27;[39m Forwarding system: 8225 to device: 6790
[debug] &amp#27;[35m[ADB]&amp#27;[39m Running 'C:\Users\shuhang\AppData\Local\Android\Sdk\platform-tools\adb.exe -P 5037 -s emulator-5554 forward tcp\:8225 tcp\:6790'
[debug] &amp#27;[35m[ADB]&amp#27;[39m Getting install status for io.appium.uiautomator2.server
[debug] &amp#27;[35m[ADB]&amp#27;[39m Running 'C:\Users\shuhang\AppData\Local\Android\Sdk\platform-tools\adb.exe -P 5037 -s emulator-5554 shell dumpsys package io.appium.uiautomator2.server'
[debug] &amp#27;[35m[ADB]&amp#27;[39m 'io.appium.uiautomator2.server' is installed
[debug] &amp#27;[35m[ADB]&amp#27;[39m Getting package info for 'io.appium.uiautomator2.server'
[debug] &amp#27;[35m[ADB]&amp#27;[39m Running 'C:\Users\shuhang\AppData\Local\Android\Sdk\platform-tools\adb.exe -P 5037 -s emulator-5554 shell dumpsys package io.appium.uiautomator2.server'
[debug] &amp#27;[35m[ADB]&amp#27;[39m The version name of the installed 'io.appium.uiautomator2.server' is greater or equal to the application version name ('4.11.0' >= '4.11.0')
[debug] &amp#27;[35m[UiAutomator2]&amp#27;[39m io.appium.uiautomator2.server installation state: sameVersionInstalled
[debug] &amp#27;[35m[ADB]&amp#27;[39m Checking app cert for C:\Users\shuhang\AppData\Roaming\npm\node_modules\appium\node_modules\appium-uiautomator2-server\apks\appium-uiautomator2-server-v4.11.0.apk
&amp#27;[35m[ADB]&amp#27;[39m Using 'apksigner.jar' from 'C:\Users\shuhang\AppData\Local\Android\Sdk\build-tools\30.0.0-rc3\lib\apksigner.jar'
[debug] &amp#27;[35m[ADB]&amp#27;[39m Starting apksigner: 'C:\\Program Files\\Java\\jdk1.8.0_241\\bin\\java.exe' -Xmx1024M -Xss1m -jar C:\\Users\\shuhang\\AppData\\Local\\Android\\Sdk\\build-tools\\30.0.0-rc3\\lib\\apksigner.jar verify --print-certs C:\\Users\\shuhang\\AppData\\Roaming\\npm\\node_modules\\appium\\node_modules\\appium-uiautomator2-server\\apks\\appium-uiautomator2-server-v4.11.0.apk
&amp#27;[35m[ADB]&amp#27;[39m Cannot use apksigner tool for signature verification. Original error: Command ''C:\\Program Files\\Java\\jdk1.8.0_241\\bin\\java.exe' -Xmx1024M -Xss1m -jar C:\\Users\\shuhang\\AppData\\Local\\Android\\Sdk\\build-tools\\30.0.0-rc3\\lib\\apksigner.jar verify --print-certs C:\\Users\\shuhang\\AppData\\Roaming\\npm\\node_modules\\appium\\node_modules\\appium-uiautomator2-server\\apks\\appium-uiautomator2-server-v4.11.0.apk' exited with code 1
[debug] &amp#27;[35m[ADB]&amp#27;[39m Defaulting to verify.jar
[debug] &amp#27;[35m[ADB]&amp#27;[39m 'C:\Users\shuhang\AppData\Roaming\npm\node_modules\appium\node_modules\appium-uiautomator2-server\apks\appium-uiautomator2-server-v4.11.0.apk' is signed with the default certificate
[debug] &amp#27;[35m[ADB]&amp#27;[39m Getting install status for io.appium.uiautomator2.server.test
[debug] &amp#27;[35m[ADB]&amp#27;[39m Running 'C:\Users\shuhang\AppData\Local\Android\Sdk\platform-tools\adb.exe -P 5037 -s emulator-5554 shell dumpsys package io.appium.uiautomator2.server.test'
[debug] &amp#27;[35m[ADB]&amp#27;[39m 'io.appium.uiautomator2.server.test' is installed
[debug] &amp#27;[35m[ADB]&amp#27;[39m Checking app cert for C:\Users\shuhang\AppData\Roaming\npm\node_modules\appium\node_modules\appium-uiautomator2-server\apks\appium-uiautomator2-server-debug-androidTest.apk
[debug] &amp#27;[35m[ADB]&amp#27;[39m Starting apksigner: 'C:\\Program Files\\Java\\jdk1.8.0_241\\bin\\java.exe' -Xmx1024M -Xss1m -jar C:\\Users\\shuhang\\AppData\\Local\\Android\\Sdk\\build-tools\\30.0.0-rc3\\lib\\apksigner.jar verify --print-certs C:\\Users\\shuhang\\AppData\\Roaming\\npm\\node_modules\\appium\\node_modules\\appium-uiautomator2-server\\apks\\appium-uiautomator2-server-debug-androidTest.apk
&amp#27;[35m[ADB]&amp#27;[39m Cannot use apksigner tool for signature verification. Original error: Command ''C:\\Program Files\\Java\\jdk1.8.0_241\\bin\\java.exe' -Xmx1024M -Xss1m -jar C:\\Users\\shuhang\\AppData\\Local\\Android\\Sdk\\build-tools\\30.0.0-rc3\\lib\\apksigner.jar verify --print-certs C:\\Users\\shuhang\\AppData\\Roaming\\npm\\node_modules\\appium\\node_modules\\appium-uiautomator2-server\\apks\\appium-uiautomator2-server-debug-androidTest.apk' exited with code 1
[debug] &amp#27;[35m[ADB]&amp#27;[39m Defaulting to verify.jar
[debug] &amp#27;[35m[ADB]&amp#27;[39m 'C:\Users\shuhang\AppData\Roaming\npm\node_modules\appium\node_modules\appium-uiautomator2-server\apks\appium-uiautomator2-server-debug-androidTest.apk' is signed with the default certificate
&amp#27;[35m[UiAutomator2]&amp#27;[39m Server packages are not going to be (re)installed
[debug] &amp#27;[35m[UiAutomator2]&amp#27;[39m Waiting up to 30000ms for services to be available
[debug] &amp#27;[35m[ADB]&amp#27;[39m Running 'C:\Users\shuhang\AppData\Local\Android\Sdk\platform-tools\adb.exe -P 5037 -s emulator-5554 shell pm list instrumentation'
[debug] &amp#27;[35m[UiAutomator2]&amp#27;[39m Instrumentation target 'io.appium.uiautomator2.server.test/androidx.test.runner.AndroidJUnitRunner' is available
[debug] &amp#27;[35m[ADB]&amp#27;[39m Checking app cert for C:\Users\shuhang\.jenkins\DemoAppiumAndroid\Freshii_v2.0.23_apkpure.com.apk
[debug] &amp#27;[35m[ADB]&amp#27;[39m Starting apksigner: 'C:\\Program Files\\Java\\jdk1.8.0_241\\bin\\java.exe' -Xmx1024M -Xss1m -jar C:\\Users\\shuhang\\AppData\\Local\\Android\\Sdk\\build-tools\\30.0.0-rc3\\lib\\apksigner.jar verify --print-certs C:\\Users\\shuhang\\.jenkins\\DemoAppiumAndroid\\Freshii_v2.0.23_apkpure.com.apk
&amp#27;[35m[ADB]&amp#27;[39m Cannot use apksigner tool for signature verification. Original error: Command ''C:\\Program Files\\Java\\jdk1.8.0_241\\bin\\java.exe' -Xmx1024M -Xss1m -jar C:\\Users\\shuhang\\AppData\\Local\\Android\\Sdk\\build-tools\\30.0.0-rc3\\lib\\apksigner.jar verify --print-certs C:\\Users\\shuhang\\.jenkins\\DemoAppiumAndroid\\Freshii_v2.0.23_apkpure.com.apk' exited with code 1
[debug] &amp#27;[35m[ADB]&amp#27;[39m Defaulting to verify.jar
[debug] &amp#27;[35m[ADB]&amp#27;[39m 'C:\Users\shuhang\.jenkins\DemoAppiumAndroid\Freshii_v2.0.23_apkpure.com.apk' is signed with a non-default certificate
[debug] &amp#27;[35m[ADB]&amp#27;[39m Getting install status for com.freshii.freshii
[debug] &amp#27;[35m[ADB]&amp#27;[39m Running 'C:\Users\shuhang\AppData\Local\Android\Sdk\platform-tools\adb.exe -P 5037 -s emulator-5554 shell dumpsys package com.freshii.freshii'
[debug] &amp#27;[35m[ADB]&amp#27;[39m 'com.freshii.freshii' is installed
[debug] &amp#27;[35m[ADB]&amp#27;[39m Getting package info for 'com.freshii.freshii'
[debug] &amp#27;[35m[ADB]&amp#27;[39m Running 'C:\Users\shuhang\AppData\Local\Android\Sdk\platform-tools\adb.exe -P 5037 -s emulator-5554 shell dumpsys package com.freshii.freshii'
[debug] &amp#27;[35m[ADB]&amp#27;[39m The version name of the installed 'com.freshii.freshii' is greater or equal to the application version name ('2.0.23' >= '2.0.23')
[debug] &amp#27;[35m[ADB]&amp#27;[39m There is no need to install/upgrade 'C:\Users\shuhang\.jenkins\DemoAppiumAndroid\Freshii_v2.0.23_apkpure.com.apk'
&amp#27;[35m[AndroidDriver]&amp#27;[39m Performing fast reset on 'com.freshii.freshii'
[debug] &amp#27;[35m[ADB]&amp#27;[39m Getting install status for com.freshii.freshii
[debug] &amp#27;[35m[ADB]&amp#27;[39m Running 'C:\Users\shuhang\AppData\Local\Android\Sdk\platform-tools\adb.exe -P 5037 -s emulator-5554 shell dumpsys package com.freshii.freshii'
[debug] &amp#27;[35m[ADB]&amp#27;[39m 'com.freshii.freshii' is installed
[debug] &amp#27;[35m[ADB]&amp#27;[39m Running 'C:\Users\shuhang\AppData\Local\Android\Sdk\platform-tools\adb.exe -P 5037 -s emulator-5554 shell am force-stop com.freshii.freshii'
[debug] &amp#27;[35m[ADB]&amp#27;[39m Running 'C:\Users\shuhang\AppData\Local\Android\Sdk\platform-tools\adb.exe -P 5037 -s emulator-5554 shell pm clear com.freshii.freshii'
[debug] &amp#27;[35m[AndroidDriver]&amp#27;[39m Performed fast reset on the installed 'com.freshii.freshii' application (stop and clear)
[debug] &amp#27;[35m[UiAutomator2]&amp#27;[39m Performing shallow cleanup of automation leftovers
[debug] &amp#27;[35m[UiAutomator2]&amp#27;[39m The following obsolete sessions are still running: [null]
[debug] &amp#27;[35m[UiAutomator2]&amp#27;[39m Cleaning up the obsolete sessions
[debug] &amp#27;[35m[ADB]&amp#27;[39m Running 'C:\Users\shuhang\AppData\Local\Android\Sdk\platform-tools\adb.exe -P 5037 -s emulator-5554 shell am force-stop io.appium.uiautomator2.server.test'
&amp#27;[35m[UiAutomator2]&amp#27;[39m Starting UIAutomator2 server 4.11.0
&amp#27;[35m[UiAutomator2]&amp#27;[39m Using UIAutomator2 server from 'C:\Users\shuhang\AppData\Roaming\npm\node_modules\appium\node_modules\appium-uiautomator2-server\apks\appium-uiautomator2-server-v4.11.0.apk' and test from 'C:\Users\shuhang\AppData\Roaming\npm\node_modules\appium\node_modules\appium-uiautomator2-server\apks\appium-uiautomator2-server-debug-androidTest.apk'
&amp#27;[35m[UiAutomator2]&amp#27;[39m Waiting up to 30000ms for UiAutomator2 to be online...
[debug] &amp#27;[35m[ADB]&amp#27;[39m Creating ADB subprocess with args: ["-P",5037,"-s","emulator-5554","shell","am","instrument","-w","io.appium.uiautomator2.server.test/androidx.test.runner.AndroidJUnitRunner"]
[debug] &amp#27;[35m[Instrumentation]&amp#27;[39m io.appium.uiautomator2.server.test.AppiumUiAutomator2Server:
[debug] &amp#27;[35m[WD Proxy]&amp#27;[39m Matched '/status' to command name 'getStatus'
[debug] &amp#27;[35m[WD Proxy]&amp#27;[39m Proxying [GET /status] to [GET http://127.0.0.1:8225/wd/hub/status] with no body
&amp#27;[35m[WD Proxy]&amp#27;[39m socket hang up
[debug] &amp#27;[35m[WD Proxy]&amp#27;[39m Matched '/status' to command name 'getStatus'
[debug] &amp#27;[35m[WD Proxy]&amp#27;[39m Proxying [GET /status] to [GET http://127.0.0.1:8225/wd/hub/status] with no body
&amp#27;[35m[WD Proxy]&amp#27;[39m socket hang up
[debug] &amp#27;[35m[WD Proxy]&amp#27;[39m Matched '/status' to command name 'getStatus'
[debug] &amp#27;[35m[WD Proxy]&amp#27;[39m Proxying [GET /status] to [GET http://127.0.0.1:8225/wd/hub/status] with no body
[debug] &amp#27;[35m[WD Proxy]&amp#27;[39m Got response with status 200: {"sessionId":"None","value":{"message":"UiAutomator2 Server is ready to accept commands","ready":true}}
[debug] &amp#27;[35m[UiAutomator2]&amp#27;[39m The initialization of the instrumentation process took 3200ms
[debug] &amp#27;[35m[WD Proxy]&amp#27;[39m Matched '/session' to command name 'createSession'
[debug] &amp#27;[35m[WD Proxy]&amp#27;[39m Proxying [POST /session] to [POST http://127.0.0.1:8225/wd/hub/session] with body: {"capabilities":{"firstMatch":[{"platform":"LINUX","webStorageEnabled":false,"takesScreenshot":true,"javascriptEnabled":true,"databaseEnabled":false,"networkConnectionEnabled":true,"locationContextEnabled":false,"warnings":{},"desired":{"platformName":"android","app":"Freshii_v2.0.23_apkpure.com.apk","automationName":"uiautomator2"},"platformName":"android","app":"Freshii_v2.0.23_apkpure.com.apk","automationName":"uiautomator2","deviceName":"emulator-5554","deviceUDID":"emulator-5554","appPackage":"com.freshii.freshii"}],"alwaysMatch":{}}}
[debug] &amp#27;[35m[WD Proxy]&amp#27;[39m Got response with status 200: {"sessionId":"8ae78652-781d-4ad6-a11a-93d01f0b48f0","value":{"capabilities":{"firstMatch":[{"platform":"LINUX","webStorageEnabled":false,"takesScreenshot":true,"javascriptEnabled":true,"databaseEnabled":false,"networkConnectionEnabled":true,"locationContextEnabled":false,"warnings":{},"desired":{"platformName":"android","app":"Freshii_v2.0.23_apkpure.com.apk","automationName":"uiautomator2"},"platformName":"android","app":"Freshii_v2.0.23_apkpure.com.apk","automationName":"uiautomator2","deviceName":"emulator-5554","deviceUDID":"emulator-5554","appPackage":"com.freshii.freshii"}],"alwaysMatch":{}},"sessionId":"8ae78652-781d-4ad6-a11a-93d01f0b48f0"}}
&amp#27;[35m[WD Proxy]&amp#27;[39m Determined the downstream protocol as 'W3C'
[debug] &amp#27;[35m[WD Proxy]&amp#27;[39m Proxying [GET /appium/device/info] to [GET http://127.0.0.1:8225/wd/hub/session/8ae78652-781d-4ad6-a11a-93d01f0b48f0/appium/device/info] with no body
[debug] &amp#27;[35m[WD Proxy]&amp#27;[39m Got response with status 200: {"sessionId":"8ae78652-781d-4ad6-a11a-93d01f0b48f0","value":{"androidId":"65bc9d32e35f324a","apiVersion":"29","bluetooth":null,"brand":"google","carrierName":"Android","displayDensity":440,"locale":"en_US","manufacturer":"Google","model":"Android SDK built for x86","networks":[{"capabilities":{"SSID":null,"linkDownBandwidthKbps":1048576,"linkUpstreamBandwidthKbps":1048576,"networkCapabilities":"NET_CAPABILITY_NOT_METERED,NET_CAPABILITY_INTERNET,NET_CAPABILITY_NOT_RESTRICTED,NET_CAPABILITY_TRUSTED,NET_CAPABILITY_NOT_VPN,NET_CAPABILITY_VALIDATED,NET_CAPABILITY_NOT_ROAMING,NET_CAPABILITY_FOREGROUND,NET_CAPABILITY_NOT_CONGESTED,NET_CAPABILITY_NOT_SUSPENDED","signalStrength":-30,"transportTypes":"TRANSPORT_WIFI"},"detailedState":"CONNECTED","extraInfo":null,"isAvailable":true,"isConnected":true,"isFailover":false,"isRoaming":false,"state":"CONNECTED","subtype":0,"subtypeName":"","type":1,"typeName":"WIFI"},{"capabilities":{"SSID":null,"linkDownBandwidthKbps":102400,"linkUpstreamBandwidthKbps":51200,"networkCapa...
[debug] &amp#27;[35m[ADB]&amp#27;[39m Running 'C:\Users\shuhang\AppData\Local\Android\Sdk\platform-tools\adb.exe -P 5037 -s emulator-5554 shell dumpsys window'
&amp#27;[35m[AndroidDriver]&amp#27;[39m Screen already unlocked, doing nothing
&amp#27;[35m[UiAutomator2]&amp#27;[39m Starting 'com.freshii.freshii/com.unoapp.freshii.ui.activity.Splash and waiting for 'com.freshii.freshii/com.unoapp.freshii.ui.activity.Splash'
[debug] &amp#27;[35m[ADB]&amp#27;[39m Running 'C:\Users\shuhang\AppData\Local\Android\Sdk\platform-tools\adb.exe -P 5037 -s emulator-5554 shell am start -W -n com.freshii.freshii/com.unoapp.freshii.ui.activity.Splash -S -a android.intent.action.MAIN -c android.intent.category.LAUNCHER -f 0x10200000'
[debug] &amp#27;[35m[ADB]&amp#27;[39m Waiting up to 20000ms for activity matching pkg: 'com.freshii.freshii' and activity: 'com.unoapp.freshii.ui.activity.Splash' to be focused
[debug] &amp#27;[35m[ADB]&amp#27;[39m Possible activities, to be checked: 'com.unoapp.freshii.ui.activity.Splash', 'com.freshii.freshii.com.unoapp.freshii.ui.activity.Splash'
[debug] &amp#27;[35m[ADB]&amp#27;[39m Getting focused package and activity
[debug] &amp#27;[35m[ADB]&amp#27;[39m Running 'C:\Users\shuhang\AppData\Local\Android\Sdk\platform-tools\adb.exe -P 5037 -s emulator-5554 shell dumpsys window displays'
[debug] &amp#27;[35m[ADB]&amp#27;[39m Found package: 'com.freshii.freshii' and fully qualified activity name : 'com.unoapp.freshii.ui.activity.Splash'
[debug] &amp#27;[35m[WD Proxy]&amp#27;[39m Proxying [GET /appium/device/pixel_ratio] to [GET http://127.0.0.1:8225/wd/hub/session/8ae78652-781d-4ad6-a11a-93d01f0b48f0/appium/device/pixel_ratio] with no body
[debug] &amp#27;[35m[WD Proxy]&amp#27;[39m Got response with status 200: {"sessionId":"8ae78652-781d-4ad6-a11a-93d01f0b48f0","value":2.75}
[debug] &amp#27;[35m[WD Proxy]&amp#27;[39m Matched '/appium/device/system_bars' to command name 'getSystemBars'
[debug] &amp#27;[35m[WD Proxy]&amp#27;[39m Proxying [GET /appium/device/system_bars] to [GET http://127.0.0.1:8225/wd/hub/session/8ae78652-781d-4ad6-a11a-93d01f0b48f0/appium/device/system_bars] with no body
[debug] &amp#27;[35m[WD Proxy]&amp#27;[39m Got response with status 200: {"sessionId":"8ae78652-781d-4ad6-a11a-93d01f0b48f0","value":{"statusBar":66}}
[debug] &amp#27;[35m[WD Proxy]&amp#27;[39m Matched '/window/current/size' to command name 'getWindowSize'
[debug] &amp#27;[35m[WD Proxy]&amp#27;[39m Proxying [GET /window/current/size] to [GET http://127.0.0.1:8225/wd/hub/session/8ae78652-781d-4ad6-a11a-93d01f0b48f0/window/current/size] with no body
[debug] &amp#27;[35m[WD Proxy]&amp#27;[39m Got response with status 200: {"sessionId":"8ae78652-781d-4ad6-a11a-93d01f0b48f0","value":{"height":2088,"width":1080}}
&amp#27;[35m[Appium]&amp#27;[39m New AndroidUiautomator2Driver session created successfully, session a9b87e17-c8ab-4a29-92fe-4d73cbbccd90 added to master session list
[debug] &amp#27;[35m[BaseDriver]&amp#27;[39m Event 'newSessionStarted' logged at 1597440894122 (17:34:54 GMT-0400 (Eastern Daylight  INFO [main] (TC_Android_001.java:21)- Start Sign Up test
 INFO [main] (TC_Android_001.java:25)- Navigating to landing page 
Time))
[debug] &amp#27;[35m[W3C (a9b87e17)]&amp#27;[39m Cached the protocol value 'W3C' for the new session a9b87e17-c8ab-4a29-92fe-4d73cbbccd90
[debug] &amp#27;[35m[W3C (a9b87e17)]&amp#27;[39m Responding to client with driver.createSession() result: {"capabilities":{"platform":"LINUX","webStorageEnabled":false,"takesScreenshot":true,"javascriptEnabled":true,"databaseEnabled":false,"networkConnectionEnabled":true,"locationContextEnabled":false,"warnings":{},"desired":{"platformName":"android","app":"Freshii_v2.0.23_apkpure.com.apk","automationName":"uiautomator2"},"platformName":"android","app":"Freshii_v2.0.23_apkpure.com.apk","automationName":"uiautomator2","deviceName":"emulator-5554","deviceUDID":"emulator-5554","appPackage":"com.freshii.freshii","deviceApiLevel":29,"platformVersion":"10","deviceScreenSize":"1080x2220","deviceScreenDensity":440,"deviceModel":"Android SDK built for x86","deviceManufacturer":"Google","pixelRatio":2.75,"statBarHeight":66,"viewportRect":{"left":0,"top":66,"width":1080,"height":2022}}}
&amp#27;[35m[HTTP]&amp#27;[39m &amp#27;[37m<-- POST /wd/hub/session &amp#27;[39m&amp#27;[32m200&amp#27;[39m &amp#27;[90m16274 ms - 843&amp#27;[39m
&amp#27;[35m[HTTP]&amp#27;[39m &amp#27;[90m&amp#27;[39m
&amp#27;[35m[HTTP]&amp#27;[39m &amp#27;[37m-->&amp#27;[39m &amp#27;[37mPOST&amp#27;[39m &amp#27;[37m/wd/hub/session/a9b87e17-c8ab-4a29-92fe-4d73cbbccd90/timeouts&amp#27;[39m
&amp#27;[35m[HTTP]&amp#27;[39m &amp#27;[90m{"implicit":30000}&amp#27;[39m
[debug] &amp#27;[35m[W3C (a9b87e17)]&amp#27;[39m Calling AppiumDriver.timeouts() with args: [null,null,null,null,30000,"a9b87e17-c8ab-4a29-92fe-4d73cbbccd90"]
[debug] &amp#27;[35m[BaseDriver]&amp#27;[39m W3C timeout argument: {"implicit":30000}}
[debug] &amp#27;[35m[BaseDriver]&amp#27;[39m Set implicit wait to 30000ms
[debug] &amp#27;[35m[W3C (a9b87e17)]&amp#27;[39m Responding to client with driver.timeouts() result: null
&amp#27;[35m[HTTP]&amp#27;[39m &amp#27;[37m<-- POST /wd/hub/session/a9b87e17-c8ab-4a29-92fe-4d73cbbccd90/timeouts &amp#27;[39m&amp#27;[32m200&amp#27;[39m &amp#27;[90m12 ms - 14&amp#27;[39m
&amp#27;[35m[HTTP]&amp#27;[39m &amp#27;[90m&amp#27;[39m
&amp#27;[35m[HTTP]&amp#27;[39m &amp#27;[37m-->&amp#27;[39m &amp#27;[37mGET&amp#27;[39m &amp#27;[37m/wd/hub/session/a9b87e17-c8ab-4a29-92fe-4d73cbbccd90/context&amp#27;[39m
&amp#27;[35m[HTTP]&amp#27;[39m &amp#27;[90m{}&amp#27;[39m
[debug] &amp#27;[35m[W3C (a9b87e17)]&amp#27;[39m Calling AppiumDriver.getCurrentContext() with args: ["a9b87e17-c8ab-4a29-92fe-4d73cbbccd90"]
[debug] &amp#27;[35m[W3C (a9b87e17)]&amp#27;[39m Responding to client with driver.getCurrentContext() result: "NATIVE_APP"
&amp#27;[35m[HTTP]&amp#27;[39m &amp#27;[37m<-- GET /wd/hub/session/a9b87e17-c8ab-4a29-92fe-4d73cbbccd90/context &amp#27;[39m&amp#27;[32m200&amp#27;[39m &amp#27;[90m44 ms - 22&amp#27;[39m
&amp#27;[35m[HTTP]&amp#27;[39m &amp#27;[90m&amp#27;[39m
&amp#27;[35m[HTTP]&amp#27;[39m &amp#27;[37m-->&amp#27;[39m &amp#27;[37mPOST&amp#27;[39m &amp#27;[37m/wd/hub/session/a9b87e17-c8ab-4a29-92fe-4d73cbbccd90/element&amp#27;[39m
&amp#27;[35m[HTTP]&amp#27;[39m &amp#27;[90m{"using":"id","value":"com.android.permissioncontroller:id/permission_allow_foreground_only_button"}&amp#27;[39m
[debug] &amp#27;[35m[W3C (a9b87e17)]&amp#27;[39m Calling AppiumDriver.findElement() with args: ["id","com.android.permissioncontroller:id/permission_allow_foreground_only_button","a9b87e17-c8ab-4a29-92fe-4d73cbbccd90"]
[debug] &amp#27;[35m[BaseDriver]&amp#27;[39m Valid locator strategies for this request: xpath, id, class name, accessibility id, -android uiautomator
[debug] &amp#27;[35m[BaseDriver]&amp#27;[39m Waiting up to 30000 ms for condition
[debug] &amp#27;[35m[WD Proxy]&amp#27;[39m Matched '/element' to command name 'findElement'
[debug] &amp#27;[35m[WD Proxy]&amp#27;[39m Proxying [POST /element] to [POST http://127.0.0.1:8225/wd/hub/session/8ae78652-781d-4ad6-a11a-93d01f0b48f0/element] with body: {"strategy":"id","selector":"com.android.permissioncontroller:id/permission_allow_foreground_only_button","context":"","multiple":false}
&amp#27;[35m[WD Proxy]&amp#27;[39m Got response with status 404: {"sessionId":"8ae78652-781d-4ad6-a11a-93d01f0b48f0","value":{"error":"no such element","message":"An element could not be located on the page using the given search parameters","stacktrace":"io.appium.uiautomator2.common.exceptions.ElementNotFoundException: An element could not be located on the page using the given search parameters\n\tat io.appium.uiautomator2.handler.FindElement.safeHandle(FindElement.java:73)\n\tat io.appium.uiautomator2.handler.request.SafeRequestHandler.handle(SafeRequestHandler.java:41)\n\tat io.appium.uiautomator2.server.AppiumServlet.handleRequest(AppiumServlet.java:257)\n\tat io.appium.uiautomator2.server.AppiumServlet.handleHttpRequest(AppiumServlet.java:247)\n\tat io.appium.uiautomator2.http.ServerHandler.channelRead(ServerHandler.java:50)\n\tat io.netty.channel.AbstractChannelHandlerContext.invokeChannelRead(AbstractChannelHandlerContext.java:366)\n\tat io.netty.channel.AbstractChannelHandlerContext.invokeChannelRead(AbstractChannelHandlerContext.java:352)\n\tat io.netty.chann...
[debug] &amp#27;[35m[W3C]&amp#27;[39m Matched W3C error code 'no such element' to NoSuchElementError
[debug] &amp#27;[35m[BaseDriver]&amp#27;[39m Waited for 128 ms so far
[debug] &amp#27;[35m[WD Proxy]&amp#27;[39m Matched '/element' to command name 'findElement'
[debug] &amp#27;[35m[WD Proxy]&amp#27;[39m Proxying [POST /element] to [POST http://127.0.0.1:8225/wd/hub/session/8ae78652-781d-4ad6-a11a-93d01f0b48f0/element] with body: {"strategy":"id","selector":"com.android.permissioncontroller:id/permission_allow_foreground_only_button","context":"","multiple":false}
&amp#27;[35m[WD Proxy]&amp#27;[39m Got response with status 404: {"sessionId":"8ae78652-781d-4ad6-a11a-93d01f0b48f0","value":{"error":"no such element","message":"An element could not be located on the page using the given search parameters","stacktrace":"io.appium.uiautomator2.common.exceptions.ElementNotFoundException: An element could not be located on the page using the given search parameters\n\tat io.appium.uiautomator2.handler.FindElement.safeHandle(FindElement.java:73)\n\tat io.appium.uiautomator2.handler.request.SafeRequestHandler.handle(SafeRequestHandler.java:41)\n\tat io.appium.uiautomator2.server.AppiumServlet.handleRequest(AppiumServlet.java:257)\n\tat io.appium.uiautomator2.server.AppiumServlet.handleHttpRequest(AppiumServlet.java:247)\n\tat io.appium.uiautomator2.http.ServerHandler.channelRead(ServerHandler.java:50)\n\tat io.netty.channel.AbstractChannelHandlerContext.invokeChannelRead(AbstractChannelHandlerContext.java:366)\n\tat io.netty.channel.AbstractChannelHandlerContext.invokeChannelRead(AbstractChannelHandlerContext.java:352)\n\tat io.netty.chann...
[debug] &amp#27;[35m[W3C]&amp#27;[39m Matched W3C error code 'no such element' to NoSuchElementError
[debug] &amp#27;[35m[BaseDriver]&amp#27;[39m Waited for 787 ms so far
[debug] &amp#27;[35m[WD Proxy]&amp#27;[39m Matched '/element' to command name 'findElement'
[debug] &amp#27;[35m[WD Proxy]&amp#27;[39m Proxying [POST /element] to [POST http://127.0.0.1:8225/wd/hub/session/8ae78652-781d-4ad6-a11a-93d01f0b48f0/element] with body: {"strategy":"id","selector":"com.android.permissioncontroller:id/permission_allow_foreground_only_button","context":"","multiple":false}
&amp#27;[35m[WD Proxy]&amp#27;[39m Got response with status 404: {"sessionId":"8ae78652-781d-4ad6-a11a-93d01f0b48f0","value":{"error":"no such element","message":"An element could not be located on the page using the given search parameters","stacktrace":"io.appium.uiautomator2.common.exceptions.ElementNotFoundException: An element could not be located on the page using the given search parameters\n\tat io.appium.uiautomator2.handler.FindElement.safeHandle(FindElement.java:73)\n\tat io.appium.uiautomator2.handler.request.SafeRequestHandler.handle(SafeRequestHandler.java:41)\n\tat io.appium.uiautomator2.server.AppiumServlet.handleRequest(AppiumServlet.java:257)\n\tat io.appium.uiautomator2.server.AppiumServlet.handleHttpRequest(AppiumServlet.java:247)\n\tat io.appium.uiautomator2.http.ServerHandler.channelRead(ServerHandler.java:50)\n\tat io.netty.channel.AbstractChannelHandlerContext.invokeChannelRead(AbstractChannelHandlerContext.java:366)\n\tat io.netty.channel.AbstractChannelHandlerContext.invokeChannelRead(AbstractChannelHandlerContext.java:352)\n\tat io.netty.chann...
[debug] &amp#27;[35m[W3C]&amp#27;[39m Matched W3C error code 'no such element' to NoSuchElementError
[debug] &amp#27;[35m[BaseDriver]&amp#27;[39m Waited for 1355 ms so far
[debug] &amp#27;[35m[WD Proxy]&amp#27;[39m Matched '/element' to command name 'findElement'
[debug] &amp#27;[35m[WD Proxy]&amp#27;[39m Proxying [POST /element] to [POST http://127.0.0.1:8225/wd/hub/session/8ae78652-781d-4ad6-a11a-93d01f0b48f0/element] with body: {"strategy":"id","selector":"com.android.permissioncontroller:id/permission_allow_foreground_only_button","context":"","multiple":false}
[debug] &amp#27;[35m[WD Proxy]&amp#27;[39m Got response with status 200: {"sessionId":"8ae78652-781d-4ad6-a11a-93d01f0b48f0","value":{"ELEMENT":"84c6e7cf-2c09-413f-8618-19b293011ce3","element-6066-11e4-a52e-4f735466cecf":"84c6e7cf-2c09-413f-8618-19b293011ce3"}}
[debug] &amp#27;[35m[W3C (a9b87e17)]&amp#27;[39m Responding to client with driver.findElement() result: {"element-6066-11e4-a52e-4f735466cecf":"84c6e7cf-2c09-413f-8618-19b293011ce3","ELEMENT":"84c6e7cf-2c09-413f-8618-19b293011ce3"}
&amp#27;[35m[HTTP]&amp#27;[39m &amp#27;[37m<-- POST /wd/hub/session/a9b87e17-c8ab-4a29-92fe-4d73cbbccd90/element &amp#27;[39m&amp#27;[32m200&amp#27;[39m &amp#27;[90m2355 ms - 137&amp#27;[39m
&amp#27;[35m[HTTP]&amp#27;[39m &amp#27;[90m&amp#27;[39m
&amp#27;[35m[HTTP]&amp#27;[39m &amp#27;[37m-->&amp#27;[39m &amp#27;[37mGET&amp#27;[39m &amp#27;[37m/wd/hub/session/a9b87e17-c8ab-4a29-92fe-4d73cbbccd90/element/84c6e7cf-2c09-413f-8618-19b293011ce3/displayed&amp#27;[39m
&amp#27;[35m[HTTP]&amp#27;[39m &amp#27;[90m{}&amp#27;[39m
[debug] &amp#27;[35m[W3C (a9b87e17)]&amp#27;[39m Calling AppiumDriver.elementDisplayed() with args: ["84c6e7cf-2c09-413f-8618-19b293011ce3","a9b87e17-c8ab-4a29-92fe-4d73cbbccd90"]
[debug] &amp#27;[35m[WD Proxy]&amp#27;[39m Matched '/element/84c6e7cf-2c09-413f-8618-19b293011ce3/attribute/displayed' to command name 'getAttribute'
[debug] &amp#27;[35m[WD Proxy]&amp#27;[39m Proxying [GET /element/84c6e7cf-2c09-413f-8618-19b293011ce3/attribute/displayed] to [GET http://127.0.0.1:8225/wd/hub/session/8ae78652-781d-4ad6-a11a-93d01f0b48f0/element/84c6e7cf-2c09-413f-8618-19b293011ce3/attribute/displayed] with no body
[debug] &amp#27;[35m[WD Proxy]&amp#27;[39m Got response with status 200: {"sessionId":"8ae78652-781d-4ad6-a11a-93d01f0b48f0","value":"true"}
[debug] &amp#27;[35m[W3C (a9b87e17)]&amp#27;[39m Responding to client with driver.elementDisplayed() result: true
&amp#27;[35m[HTTP]&amp#27;[39m &amp#27;[37m<-- GET /wd/hub/session/a9b87e17-c8ab-4a29-92fe-4d73cbbccd90/element/84c6e7cf-2c09-413f-8618-19b293011ce3/displayed &amp#27;[39m&amp#27;[32m200&amp#27;[39m &amp#27;[90m736 ms - 14&amp#27;[39m
&amp#27;[35m[HTTP]&amp#27;[39m &amp#27;[90m&amp#27;[39m
&amp#27;[35m[HTTP]&amp#27;[39m &amp#27;[37m-->&amp#27;[39m &amp#27;[37mGET&amp#27;[39m &amp#27;[37m/wd/hub/session/a9b87e17-c8ab-4a29-92fe-4d73cbbccd90/context&amp#27;[39m
&amp#27;[35m[HTTP]&amp#27;[39m &amp#27;[90m{}&amp#27;[39m
[debug] &amp#27;[35m[W3C (a9b87e17)]&amp#27;[39m Calling AppiumDriver.getCurrentContext() with args: ["a9b87e17-c8ab-4a29-92fe-4d73cbbccd90"]
[debug] &amp#27;[35m[W3C (a9b87e17)]&amp#27;[39m Responding to client with driver.getCurrentContext() result: "NATIVE_APP"
&amp#27;[35m[HTTP]&amp#27;[39m &amp#27;[37m<-- GET /wd/hub/session/a9b87e17-c8ab-4a29-92fe-4d73cbbccd90/context &amp#27;[39m&amp#27;[32m200&amp#27;[39m &amp#27;[90m2 ms - 22&amp#27;[39m
&amp#27;[35m[HTTP]&amp#27;[39m &amp#27;[90m&amp#27;[39m
&amp#27;[35m[HTTP]&amp#27;[39m &amp#27;[37m-->&amp#27;[39m &amp#27;[37mPOST&amp#27;[39m &amp#27;[37m/wd/hub/session/a9b87e17-c8ab-4a29-92fe-4d73cbbccd90/element&amp#27;[39m
&amp#27;[35m[HTTP]&amp#27;[39m &amp#27;[90m{"using":"id","value":"com.android.permissioncontroller:id/permission_allow_foreground_only_button"}&amp#27;[39m
[debug] &amp#27;[35m[W3C (a9b87e17)]&amp#27;[39m Calling AppiumDriver.findElement() with args: ["id","com.android.permissioncontroller:id/permission_allow_foreground_only_button","a9b87e17-c8ab-4a29-92fe-4d73cbbccd90"]
[debug] &amp#27;[35m[BaseDriver]&amp#27;[39m Valid locator strategies for this request: xpath, id, class name, accessibility id, -android uiautomator
[debug] &amp#27;[35m[BaseDriver]&amp#27;[39m Waiting up to 30000 ms for condition
[debug] &amp#27;[35m[WD Proxy]&amp#27;[39m Matched '/element' to command name 'findElement'
[debug] &amp#27;[35m[WD Proxy]&amp#27;[39m Proxying [POST /element] to [POST http://127.0.0.1:8225/wd/hub/session/8ae78652-781d-4ad6-a11a-93d01f0b48f0/element] with body: {"strategy":"id","selector":"com.android.permissioncontroller:id/permission_allow_foreground_only_button","context":"","multiple":false}
[debug] &amp#27;[35m[WD Proxy]&amp#27;[39m Got response with status 200: {"sessionId":"8ae78652-781d-4ad6-a11a-93d01f0b48f0","value":{"ELEMENT":"63bce2c1-f114-47fb-86d8-37fcdaf490c3","element-6066-11e4-a52e-4f735466cecf":"63bce2c1-f114-47fb-86d8-37fcdaf490c3"}}
[debug] &amp#27;[35m[W3C (a9b87e17)]&amp#27;[39m Responding to client with driver.findElement() result: {"element-6066-11e4-a52e-4f735466cecf":"63bce2c1-f114-47fb-86d8-37fcdaf490c3","ELEMENT":"63bce2c1-f114-47fb-86d8-37fcdaf490c3"}
&amp#27;[35m[HTTP]&amp#27;[39m &amp#27;[37m<-- POST /wd/hub/session/a9b87e17-c8ab-4a29-92fe-4d73cbbccd90/element &amp#27;[39m&amp#27;[32m200&amp#27;[39m &amp#27;[90m36 ms - 137&amp#27;[39m
&amp#27;[35m[HTTP]&amp#27;[39m &amp#27;[90m&amp#27;[39m
&amp#27;[35m[HTTP]&amp#27;[39m &amp#27;[37m-->&amp#27;[39m &amp#27;[37mGET&amp#27;[39m &amp#27;[37m/wd/hub/session/a9b87e17-c8ab-4a29-92fe-4d73cbbccd90/element/63bce2c1-f114-47fb-86d8-37fcdaf490c3/enabled&amp#27;[39m
&amp#27;[35m[HTTP]&amp#27;[39m &amp#27;[90m{}&amp#27;[39m
[debug] &amp#27;[35m[W3C (a9b87e17)]&amp#27;[39m Calling AppiumDriver.elementEnabled() with args: ["63bce2c1-f114-47fb-86d8-37fcdaf490c3","a9b87e17-c8ab-4a29-92fe-4d73cbbccd90"]
[debug] &amp#27;[35m[WD Proxy]&amp#27;[39m Matched '/element/63bce2c1-f114-47fb-86d8-37fcdaf490c3/attribute/enabled' to command name 'getAttribute'
[debug] &amp#27;[35m[WD Proxy]&amp#27;[39m Proxying [GET /element/63bce2c1-f114-47fb-86d8-37fcdaf490c3/attribute/enabled] to [GET http://127.0.0.1:8225/wd/hub/session/8ae78652-781d-4ad6-a11a-93d01f0b48f0/element/63bce2c1-f114-47fb-86d8-37fcdaf490c3/attribute/enabled] with no body
[debug] &amp#27;[35m[WD Proxy]&amp#27;[39m Got response with status 200: {"sessionId":"8ae78652-781d-4ad6-a11a-93d01f0b48f0","value":"true"}
[debug] &amp#27;[35m[W3C (a9b87e17)]&amp#27;[39m Responding to client with driver.elementEnabled() result: true
&amp#27;[35m[HTTP]&amp#27;[39m &amp#27;[37m<-- GET /wd/hub/session/a9b87e17-c8ab-4a29-92fe-4d73cbbccd90/element/63bce2c1-f114-47fb-86d8-37fcdaf490c3/enabled &amp#27;[39m&amp#27;[32m200&amp#27;[39m &amp#27;[90m27 ms - 14&amp#27;[39m
&amp#27;[35m[HTTP]&amp#27;[39m &amp#27;[90m&amp#27;[39m
&amp#27;[35m[HTTP]&amp#27;[39m &amp#27;[37m-->&amp#27;[39m &amp#27;[37mGET&amp#27;[39m &amp#27;[37m/wd/hub/session/a9b87e17-c8ab-4a29-92fe-4d73cbbccd90/context&amp#27;[39m
&amp#27;[35m[HTTP]&amp#27;[39m &amp#27;[90m{}&amp#27;[39m
[debug] &amp#27;[35m[W3C (a9b87e17)]&amp#27;[39m Calling AppiumDriver.getCurrentContext() with args: ["a9b87e17-c8ab-4a29-92fe-4d73cbbccd90"]
[debug] &amp#27;[35m[W3C (a9b87e17)]&amp#27;[39m Responding to client with driver.getCurrentContext() result: "NATIVE_APP"
&amp#27;[35m[HTTP]&amp#27;[39m &amp#27;[37m<-- GET /wd/hub/session/a9b87e17-c8ab-4a29-92fe-4d73cbbccd90/context &amp#27;[39m&amp#27;[32m200&amp#27;[39m &amp#27;[90m2 ms - 22&amp#27;[39m
&amp#27;[35m[HTTP]&amp#27;[39m &amp#27;[90m&amp#27;[39m
&amp#27;[35m[HTTP]&amp#27;[39m &amp#27;[37m-->&amp#27;[39m &amp#27;[37mPOST&amp#27;[39m &amp#27;[37m/wd/hub/session/a9b87e17-c8ab-4a29-92fe-4d73cbbccd90/element&amp#27;[39m
&amp#27;[35m[HTTP]&amp#27;[39m &amp#27;[90m{"using":"id","value":"com.android.permissioncontroller:id/permission_allow_foreground_only_button"}&amp#27;[39m
[debug] &amp#27;[35m[W3C (a9b87e17)]&amp#27;[39m Calling AppiumDriver.findElement() with args: ["id","com.android.permissioncontroller:id/permission_allow_foreground_only_button","a9b87e17-c8ab-4a29-92fe-4d73cbbccd90"]
[debug] &amp#27;[35m[BaseDriver]&amp#27;[39m Valid locator strategies for this request: xpath, id, class name, accessibility id, -android uiautomator
[debug] &amp#27;[35m[BaseDriver]&amp#27;[39m Waiting up to 30000 ms for condition
[debug] &amp#27;[35m[WD Proxy]&amp#27;[39m Matched '/element' to command name 'findElement'
[debug] &amp#27;[35m[WD Proxy]&amp#27;[39m Proxying [POST /element] to [POST http://127.0.0.1:8225/wd/hub/session/8ae78652-781d-4ad6-a11a-93d01f0b48f0/element] with body: {"strategy":"id","selector":"com.android.permissioncontroller:id/permission_allow_foreground_only_button","context":"","multiple":false}
[debug] &amp#27;[35m[WD Proxy]&amp#27;[39m Got response with status 200: {"sessionId":"8ae78652-781d-4ad6-a11a-93d01f0b48f0","value":{"ELEMENT":"bad863a2-bb66-4fbb-8e4a-075c9eaa6daa","element-6066-11e4-a52e-4f735466cecf":"bad863a2-bb66-4fbb-8e4a-075c9eaa6daa"}}
[debug] &amp#27;[35m[W3C (a9b87e17)]&amp#27;[39m Responding to client with driver.findElement() result: {"element-6066-11e4-a52e-4f735466cecf":"bad863a2-bb66-4fbb-8e4a-075c9eaa6daa","ELEMENT":"bad863a2-bb66-4fbb-8e4a-075c9eaa6daa"}
&amp#27;[35m[HTTP]&amp#27;[39m &amp#27;[37m<-- POST /wd/hub/session/a9b87e17-c8ab-4a29-92fe-4d73cbbccd90/element &amp#27;[39m&amp#27;[32m200&amp#27;[39m &amp#27;[90m37 ms - 137&amp#27;[39m
&amp#27;[35m[HTTP]&amp#27;[39m &amp#27;[90m&amp#27;[39m
&amp#27;[35m[HTTP]&amp#27;[39m &amp#27;[37m-->&amp#27;[39m &amp#27;[37mPOST&amp#27;[39m &amp#27;[37m/wd/hub/session/a9b87e17-c8ab-4a29-92fe-4d73cbbccd90/element/bad863a2-bb66-4fbb-8e4a-075c9eaa6daa/click&amp#27;[39m
&amp#27;[35m[HTTP]&amp#27;[39m &amp#27;[90m{"id":"bad863a2-bb66-4fbb-8e4a-075c9eaa6daa"}&amp#27;[39m
[debug] &amp#27;[35m[W3C (a9b87e17)]&amp#27;[39m Calling AppiumDriver.click() with args: ["bad863a2-bb66-4fbb-8e4a-075c9eaa6daa","a9b87e17-c8ab-4a29-92fe-4d73cbbccd90"]
[debug] &amp#27;[35m[WD Proxy]&amp#27;[39m Matched '/element/bad863a2-bb66-4fbb-8e4a-075c9eaa6daa/click' to command name 'click'
[debug] &amp#27;[35m[WD Proxy]&amp#27;[39m Proxying [POST /element/bad863a2-bb66-4fbb-8e4a-075c9eaa6daa/click] to [POST http://127.0.0.1:8225/wd/hub/session/8ae78652-781d-4ad6-a11a-93d01f0b48f0/element/bad863a2-bb66-4fbb-8e4a-075c9eaa6daa/click] with body: {"element":"bad863a2-bb66-4fbb-8e4a-075c9eaa6daa"}
[debug] &amp#27;[35m[WD Proxy]&amp#27;[39m Got response with status 200: {"sessionId":"8ae78652-781d-4ad6-a11a-93d01f0b48f0","value":null}
[debug] &amp#27;[35m[W3C (a9b87e17)]&amp#27;[39m Responding to client with driver.click() result: null
&amp#27;[35m[HTTP]&amp#27;[39m &amp#27;[37m<-- POST /wd/hub/session/a9b87e17-c8ab-4a29-92f INFO [main] (TC_Android_001.java:29)- Click allow access button
e-4d73cbbccd90/element/bad863a2-bb66-4fbb-8e4a-075c9eaa6daa/click &amp#27;[39m&amp#27;[32m200&amp#27;[39m &amp#27;[90m76 ms - 14&amp#27;[39m
&amp#27;[35m[HTTP]&amp#27;[39m &amp#27;[90m&amp#27;[39m
&amp#27;[35m[HTTP]&amp#27;[39m &amp#27;[37m-->&amp#27;[39m &amp#27;[37mPOST&amp#27;[39m &amp#27;[37m/wd/hub/session/a9b87e17-c8ab-4a29-92fe-4d73cbbccd90/element&amp#27;[39m
&amp#27;[35m[HTTP]&amp#27;[39m &amp#27;[90m{"using":"id","value":"com.freshii.freshii:id/imgHome"}&amp#27;[39m
[debug] &amp#27;[35m[W3C (a9b87e17)]&amp#27;[39m Calling AppiumDriver.findElement() with args: ["id","com.freshii.freshii:id/imgHome","a9b87e17-c8ab-4a29-92fe-4d73cbbccd90"]
[debug] &amp#27;[35m[BaseDriver]&amp#27;[39m Valid locator strategies for this request: xpath, id, class name, accessibility id, -android uiautomator
[debug] &amp#27;[35m[BaseDriver]&amp#27;[39m Waiting up to 30000 ms for condition
[debug] &amp#27;[35m[WD Proxy]&amp#27;[39m Matched '/element' to command name 'findElement'
[debug] &amp#27;[35m[WD Proxy]&amp#27;[39m Proxying [POST /element] to [POST http://127.0.0.1:8225/wd/hub/session/8ae78652-781d-4ad6-a11a-93d01f0b48f0/element] with body: {"strategy":"id","selector":"com.freshii.freshii:id/imgHome","context":"","multiple":false}
[debug] &amp#27;[35m[WD Proxy]&amp#27;[39m Got response with status 200: {"sessionId":"8ae78652-781d-4ad6-a11a-93d01f0b48f0","value":{"ELEMENT":"c061d05f-a27f-4626-ae30-941815fe16d9","element-6066-11e4-a52e-4f735466cecf":"c061d05f-a27f-4626-ae30-941815fe16d9"}}
[debug] &amp#27;[35m[W3C (a9b87e17)]&amp#27;[39m Responding to client with driver.findElement() result: {"element-6066-11e4-a52e-4f735466cecf":"c061d05f-a27f-4626-ae30-941815fe16d9","ELEMENT":"c061d05f-a27f-4626-ae30-941815fe16d9"}
&amp#27;[35m[HTTP]&amp#27;[39m &amp#27;[37m<-- POST /wd/hub/session/a9b87e17-c8ab-4a29-92fe-4d73cbbccd90/element &amp#27;[39m&amp#27;[32m200&amp#27;[39m &amp#27;[90m517 ms - 137&amp#27;[39m
&amp#27;[35m[HTTP]&amp#27;[39m &amp#27;[90m&amp#27;[39m
&amp#27;[35m[HTTP]&amp#27;[39m &amp#27;[37m-->&amp#27;[39m &amp#27;[37mPOST&amp#27;[39m &amp#27;[37m/wd/hub/session/a9b87e17-c8ab-4a29-92fe-4d73cbbccd90/element/c061d05f-a27f-4626-ae30-941815fe16d9/click&amp#27;[39m
&amp#27;[35m[HTTP]&amp#27;[39m &amp#27;[90m{"id":"c061d05f-a27f-4626-ae30-941815fe16d9"}&amp#27;[39m
[debug] &amp#27;[35m[W3C (a9b87e17)]&amp#27;[39m Calling AppiumDriver.click() with args: ["c061d05f-a27f-4626-ae30-941815fe16d9","a9b87e17-c8ab-4a29-92fe-4d73cbbccd90"]
[debug] &amp#27;[35m[WD Proxy]&amp#27;[39m Matched '/element/c061d05f-a27f-4626-ae30-941815fe16d9/click' to command name 'click'
[debug] &amp#27;[35m[WD Proxy]&amp#27;[39m Proxying [POST /element/c061d05f-a27f-4626-ae30-941815fe16d9/click] to [POST http://127.0.0.1:8225/wd/hub/session/8ae78652-781d-4ad6-a11a-93d01f0b48f0/element/c061d05f-a27f-4626-ae30-941815fe16d9/click] with body: {"element":"c061d05f-a27f-4626-ae30-941815fe16d9"}
&amp#27;[35m[WD Proxy]&amp#27;[39m Got response with status 404: {"sessionId":"8ae78652-781d-4ad6-a11a-93d01f0b48f0","value":{"error":"stale element reference","message":"The element 'By.id: com.freshii.freshii:id/imgHome' does not exist in DOM anymore","stacktrace":"io.appium.uiautomator2.common.exceptions.StaleElementReferenceException: The element 'By.id: com.freshii.freshii:id/imgHome' does not exist in DOM anymore\n\tat io.appium.uiautomator2.model.KnownElements.restoreCachedElement(KnownElements.java:104)\n\tat io.appium.uiautomator2.model.KnownElements.getElementFromCache(KnownElements.java:123)\n\tat io.appium.uiautomator2.handler.Click.safeHandle(Click.java:41)\n\tat io.appium.uiautomator2.handler.request.SafeRequestHandler.handle(SafeRequestHandler.java:41)\n\tat io.appium.uiautomator2.server.AppiumServlet.handleRequest(AppiumServlet.java:257)\n\tat io.appium.uiautomator2.server.AppiumServlet.handleHttpRequest(AppiumServlet.java:247)\n\tat io.appium.uiautomator2.http.ServerHandler.channelRead(ServerHandler.java:50)\n\tat io.netty.channel.AbstractChannelHandler...
[debug] &amp#27;[35m[W3C]&amp#27;[39m Matched W3C error code 'stale element reference' to StaleElementReferenceError
[debug] &amp#27;[35m[W3C (a9b87e17)]&amp#27;[39m Encountered internal error running command: io.appium.uiautomator2.common.exceptions.StaleElementReferenceException: The element 'By.id: com.freshii.freshii:id/imgHome' does not exist in DOM anymore
[debug] &amp#27;[35m[W3C (a9b87e17)]&amp#27;[39m 	at io.appium.uiautomator2.model.KnownElements.restoreCachedElement(KnownElements.java:104)
[debug] &amp#27;[35m[W3C (a9b87e17)]&amp#27;[39m 	at io.appium.uiautomator2.model.KnownElements.getElementFromCache(KnownElements.java:123)
[debug] &amp#27;[35m[W3C (a9b87e17)]&amp#27;[39m 	at io.appium.uiautomator2.handler.Click.safeHandle(Click.java:41)
[debug] &amp#27;[35m[W3C (a9b87e17)]&amp#27;[39m 	at io.appium.uiautomator2.handler.request.SafeRequestHandler.handle(SafeRequestHandler.java:41)
[debug] &amp#27;[35m[W3C (a9b87e17)]&amp#27;[39m 	at io.appium.uiautomator2.server.AppiumServlet.handleRequest(AppiumServlet.java:257)
[debug] &amp#27;[35m[W3C (a9b87e17)]&amp#27;[39m 	at io.appium.uiautomator2.server.AppiumServlet.handleHttpRequest(AppiumServlet.java:247)
[debug] &amp#27;[35m[W3C (a9b87e17)]&amp#27;[39m 	at io.appium.uiautomator2.http.ServerHandler.channelRead(ServerHandler.java:50)
[debug] &amp#27;[35m[W3C (a9b87e17)]&amp#27;[39m 	at io.netty.channel.AbstractChannelHandlerContext.invokeChannelRead(AbstractChannelHandlerContext.java:366)
[debug] &amp#27;[35m[W3C (a9b87e17)]&amp#27;[39m 	at io.netty.channel.AbstractChannelHandlerContext.invokeChannelRead(AbstractChannelHandlerContext.java:352)
[debug] &amp#27;[35m[W3C (a9b87e17)]&amp#27;[39m 	at io.netty.channel.AbstractChannelHandlerContext.fireChannelRead(AbstractChannelHandlerContext.java:345)
[debug] &amp#27;[35m[W3C (a9b87e17)]&amp#27;[39m 	at io.netty.handler.codec.MessageToMessageDecoder.channelRead(MessageToMessageDecoder.java:102)
[debug] &amp#27;[35m[W3C (a9b87e17)]&amp#27;[39m 	at io.netty.channel.AbstractChannelHandlerContext.invokeChannelRead(AbstractChannelHandlerContext.java:366)
[debug] &amp#27;[35m[W3C (a9b87e17)]&amp#27;[39m 	at io.netty.channel.AbstractChannelHandlerContext.invokeChannelRead(AbstractChannelHandlerContext.java:352)
[debug] &amp#27;[35m[W3C (a9b87e17)]&amp#27;[39m 	at io.netty.channel.AbstractChannelHandlerContext.fireChannelRead(AbstractChannelHandlerContext.java:345)
[debug] &amp#27;[35m[W3C (a9b87e17)]&amp#27;[39m 	at io.netty.channel.CombinedChannelDuplexHandler$DelegatingChannelHandlerContext.fireChannelRead(CombinedChannelDuplexHandler.java:435)
[debug] &amp#27;[35m[W3C (a9b87e17)]&amp#27;[39m 	at io.netty.handler.codec.ByteToMessageDecoder.fireChannelRead(ByteToMessageDecoder.java:293)
[debug] &amp#27;[35m[W3C (a9b87e17)]&amp#27;[39m 	at io.netty.handler.codec.ByteToMessageDecoder.channelRead(ByteToMessageDecoder.java:267)
[debug] &amp#27;[35m[W3C (a9b87e17)]&amp#27;[39m 	at io.netty.channel.CombinedChannelDuplexHandler.channelRead(CombinedChannelDuplexHandler.java:250)
[debug] &amp#27;[35m[W3C (a9b87e17)]&amp#27;[39m 	at io.netty.channel.AbstractChannelHandlerContext.invokeChannelRead(AbstractChannelHandlerContext.java:366)
[debug] &amp#27;[35m[W3C (a9b87e17)]&amp#27;[39m 	at io.netty.channel.AbstractChannelHandlerContext.invokeChannelRead(AbstractChannelHandlerContext.java:352)
[debug] &amp#27;[35m[W3C (a9b87e17)]&amp#27;[39m 	at io.netty.channel.AbstractChannelHandlerContext.fireChannelRead(AbstractChannelHandlerContext.java:345)
[debug] &amp#27;[35m[W3C (a9b87e17)]&amp#27;[39m 	at io.netty.handler.timeout.IdleStateHandler.channelRead(IdleStateHandler.java:266)
[debug] &amp#27;[35m[W3C (a9b87e17)]&amp#27;[39m 	at io.netty.channel.AbstractChannelHandlerContext.invokeChannelRead(AbstractChannelHandlerContext.java:366)
[debug] &amp#27;[35m[W3C (a9b87e17)]&amp#27;[39m 	at io.netty.channel.AbstractChannelHandlerContext.invokeChannelRead(AbstractChannelHandlerContext.java:352)
[debug] &amp#27;[35m[W3C (a9b87e17)]&amp#27;[39m 	at io.netty.channel.AbstractChannelHandlerContext.fireChannelRead(AbstractChannelHandlerContext.java:345)
[debug] &amp#27;[35m[W3C (a9b87e17)]&amp#27;[39m 	at io.netty.channel.DefaultChannelPipeline$HeadContext.channelRead(DefaultChannelPipeline.java:1294)
[debug] &amp#27;[35m[W3C (a9b87e17)]&amp#27;[39m 	at io.netty.channel.AbstractChannelHandlerContext.invokeChannelRead(AbstractChannelHandlerContext.java:366)
[debug] &amp#27;[35m[W3C (a9b87e17)]&amp#27;[39m 	at io.netty.channel.AbstractChannelHandlerContext.invokeChannelRead(AbstractChannelHandlerContext.java:352)
[debug] &amp#27;[35m[W3C (a9b87e17)]&amp#27;[39m 	at io.netty.channel.DefaultChannelPipeline.fireChannelRead(DefaultChannelPipeline.java:911)
[debug] &amp#27;[35m[W3C (a9b87e17)]&amp#27;[39m 	at io.netty.channel.nio.AbstractNioByteChannel$NioByteUnsafe.read(AbstractNioByteChannel.java:131)
[debug] &amp#27;[35m[W3C (a9b87e17)]&amp#27;[39m 	at io.netty.channel.nio.NioEventLoop.processSelectedKey(NioEventLoop.java:611)
[debug] &amp#27;[35m[W3C (a9b87e17)]&amp#27;[39m 	at io.netty.channel.nio.NioEventLoop.processSelectedKeysOptimized(NioEventLoop.java:552)
[debug] &amp#27;[35m[W3C (a9b87e17)]&amp#27;[39m 	at io.netty.channel.nio.NioEventLoop.processSelectedKeys(NioEventLoop.java:466)
[debug] &amp#27;[35m[W3C (a9b87e17)]&amp#27;[39m 	at io.netty.channel.nio.NioEventLoop.run(NioEventLoop.java:438)
[debug] &amp#27;[35m[W3C (a9b87e17)]&amp#27;[39m 	at io.netty.util.concurrent.SingleThreadEventExecutor$2.run(SingleThreadEventExecutor.java:140)
[debug] &amp#27;[35m[W3C (a9b87e17)]&amp#27;[39m 	at io.netty.util.concurrent.DefaultThreadFactory$DefaultRunnableDecorator.run(DefaultThreadFactory.java:144)
[debug] &amp#27;[35m[W3C (a9b87e17)]&amp#27;[39m 	at java.lang.Thread.run(Thread.java:919)
[debug] &amp#27;[35m[W3C (a9b87e17)]&amp#27;[39m 
&amp#27;[35m[HTTP]&amp#27;[39m &amp#27;[37m<-- POST /wd/hub/session/a9b87e17-c8ab-4a29-92fe-4d73cbbccd90/element/c061d05f-a27f-4626-ae30-941815fe16d9/click &amp#27;[39m&amp#27;[33m404&amp#27;[39m &amp#27;[90m862 ms - 3973&amp#27;[39m
&amp#27;[35m[HTTP]&amp#27;[39m &amp#27;[90m&amp#27;[39m
&amp#27;[35m[HTTP]&amp#27;[39m &amp#27;[37m-->&amp#27;[39m &amp#27;[37mPOST&amp#27;[39m &amp#27;[37m/wd/hub/session/a9b87e17-c8ab-4a29-92fe-4d73cbbccd90/element&amp#27;[39m
&amp#27;[35m[HTTP]&amp#27;[39m &amp#27;[90m{"using":"id","value":"com.freshii.freshii:id/imgHome"}&amp#27;[39m
[debug] &amp#27;[35m[W3C (a9b87e17)]&amp#27;[39m Calling AppiumDriver.findElement() with args: ["id","com.freshii.freshii:id/imgHome","a9b87e17-c8ab-4a29-92fe-4d73cbbccd90"]
[debug] &amp#27;[35m[BaseDriver]&amp#27;[39m Valid locator strategies for this request: xpath, id, class name, accessibility id, -android uiautomator
[debug] &amp#27;[35m[BaseDriver]&amp#27;[39m Waiting up to 30000 ms for condition
[debug] &amp#27;[35m[WD Proxy]&amp#27;[39m Matched '/element' to command name 'findElement'
[debug] &amp#27;[35m[WD Proxy]&amp#27;[39m Proxying [POST /element] to [POST http://127.0.0.1:8225/wd/hub/session/8ae78652-781d-4ad6-a11a-93d01f0b48f0/element] with body: {"strategy":"id","selector":"com.freshii.freshii:id/imgHome","context":"","multiple":false}
[debug] &amp#27;[35m[WD Proxy]&amp#27;[39m Got response with status 200: {"sessionId":"8ae78652-781d-4ad6-a11a-93d01f0b48f0","value":{"ELEMENT":"69d63380-b677-42c0-a224-766779861bb7","element-6066-11e4-a52e-4f735466cecf":"69d63380-b677-42c0-a224-766779861bb7"}}
[debug] &amp#27;[35m[W3C (a9b87e17)]&amp#27;[39m Responding to client with driver.findElement() result: {"element-6066-11e4-a52e-4f735466cecf":"69d63380-b677-42c0-a224-766779861bb7","ELEMENT":"69d63380-b677-42c0-a224-766779861bb7"}
&amp#27;[35m[HTTP]&amp#27;[39m &amp#27;[37m<-- POST /wd/hub/session/a9b87e17-c8ab-4a29-92fe-4d73cbbccd90/element &amp#27;[39m&amp#27;[32m200&amp#27;[39m &amp#27;[90m44 ms - 137&amp#27;[39m
&amp#27;[35m[HTTP]&amp#27;[39m &amp#27;[90m&amp#27;[39m
&amp#27;[35m[HTTP]&amp#27;[39m &amp#27;[37m-->&amp#27;[39m &amp#27;[37mPOST&amp#27;[39m &amp#27;[37m/wd/hub/session/a9b87e17-c8ab-4a29-92fe-4d73cbbccd90/element/69d63380-b677-42c0-a224-766779861bb7/click&amp#27;[39m
&amp#27;[35m[HTTP]&amp#27;[39m &amp#27;[90m{"id":"69d63380-b677-42c0-a224-766779861bb7"}&amp#27;[39m
[debug] &amp#27;[35m[W3C (a9b87e17)]&amp#27;[39m Calling AppiumDriver.click() with args: ["69d63380-b677-42c0-a224-766779861bb7","a9b87e17-c8ab-4a29-92fe-4d73cbbccd90"]
[debug] &amp#27;[35m[WD Proxy]&amp#27;[39m Matched '/element/69d63380-b677-42c0-a224-766779861bb7/click' to command name 'click'
[debug] &amp#27;[35m[WD Proxy]&amp#27;[39m Proxying [POST /element/69d63380-b677-42c0-a224-766779861bb7/click] to [POST http://127.0.0.1:8225/wd/hub/session/8ae78652-781d-4ad6-a11a-93d01f0b48f0/element/69d63380-b677-42c0-a224-766779861bb7/click] with body: {"element":"69d63380-b677-42c0-a224-766779861bb7"}
[debug] &amp#27;[35m[WD Proxy]&amp#27;[39m Got response with status 200: {"sessionId":"8ae78652-781d-4ad6-a11a-93d01f0b48f0","value":null}
[debug] &amp#27;[35m[W3C (a9b87e17)]&amp#27;[39m Responding to client with driver.click() result: null
&amp#27;[35m[HTTP]&amp#27;[39m &amp#27;[37m<-- POST /wd/hub/session/a9b87e17-c8ab-4a29-92fe-4d73cbbccd90/element/69d63380-b677-42c0-a224-766779861bb7/click &amp#27;[39m&amp#27;[32m200&amp#27;[39m &amp#27;[90m66 ms - 14&amp#27;[39m
&amp#27;[35m[HTTP]&amp#27; INFO [main] (TC_Android_001.java:33)- Click home icon
[39m &amp#27;[90m&amp#27;[39m
&amp#27;[35m[HTTP]&amp#27;[39m &amp#27;[37m-->&amp#27;[39m &amp#27;[37mGET&amp#27;[39m &amp#27;[37m/wd/hub/session/a9b87e17-c8ab-4a29-92fe-4d73cbbccd90/context&amp#27;[39m
&amp#27;[35m[HTTP]&amp#27;[39m &amp#27;[90m{}&amp#27;[39m
[debug] &amp#27;[35m[W3C (a9b87e17)]&amp#27;[39m Calling AppiumDriver.getCurrentContext() with args: ["a9b87e17-c8ab-4a29-92fe-4d73cbbccd90"]
[debug] &amp#27;[35m[W3C (a9b87e17)]&amp#27;[39m Responding to client with driver.getCurrentContext() result: "NATIVE_APP"
&amp#27;[35m[HTTP]&amp#27;[39m &amp#27;[37m<-- GET /wd/hub/session/a9b87e17-c8ab-4a29-92fe-4d73cbbccd90/context &amp#27;[39m&amp#27;[32m200&amp#27;[39m &amp#27;[90m3 ms - 22&amp#27;[39m
&amp#27;[35m[HTTP]&amp#27;[39m &amp#27;[90m&amp#27;[39m
&amp#27;[35m[HTTP]&amp#27;[39m &amp#27;[37m-->&amp#27;[39m &amp#27;[37mPOST&amp#27;[39m &amp#27;[37m/wd/hub/session/a9b87e17-c8ab-4a29-92fe-4d73cbbccd90/element&amp#27;[39m
&amp#27;[35m[HTTP]&amp#27;[39m &amp#27;[90m{"using":"xpath","value":"//*[@text='register / login']"}&amp#27;[39m
[debug] &amp#27;[35m[W3C (a9b87e17)]&amp#27;[39m Calling AppiumDriver.findElement() with args: ["xpath","//*[@text='register / login']","a9b87e17-c8ab-4a29-92fe-4d73cbbccd90"]
[debug] &amp#27;[35m[BaseDriver]&amp#27;[39m Valid locator strategies for this request: xpath, id, class name, accessibility id, -android uiautomator
[debug] &amp#27;[35m[BaseDriver]&amp#27;[39m Waiting up to 30000 ms for condition
[debug] &amp#27;[35m[WD Proxy]&amp#27;[39m Matched '/element' to command name 'findElement'
[debug] &amp#27;[35m[WD Proxy]&amp#27;[39m Proxying [POST /element] to [POST http://127.0.0.1:8225/wd/hub/session/8ae78652-781d-4ad6-a11a-93d01f0b48f0/element] with body: {"strategy":"xpath","selector":"//*[@text='register / login']","context":"","multiple":false}
[debug] &amp#27;[35m[WD Proxy]&amp#27;[39m Got response with status 200: {"sessionId":"8ae78652-781d-4ad6-a11a-93d01f0b48f0","value":{"ELEMENT":"dff4f79f-4093-4fb9-8d0d-88abdf7fcc3b","element-6066-11e4-a52e-4f735466cecf":"dff4f79f-4093-4fb9-8d0d-88abdf7fcc3b"}}
[debug] &amp#27;[35m[W3C (a9b87e17)]&amp#27;[39m Responding to client with driver.findElement() result: {"element-6066-11e4-a52e-4f735466cecf":"dff4f79f-4093-4fb9-8d0d-88abdf7fcc3b","ELEMENT":"dff4f79f-4093-4fb9-8d0d-88abdf7fcc3b"}
&amp#27;[35m[HTTP]&amp#27;[39m &amp#27;[37m<-- POST /wd/hub/session/a9b87e17-c8ab-4a29-92fe-4d73cbbccd90/element &amp#27;[39m&amp#27;[32m200&amp#27;[39m &amp#27;[90m649 ms - 137&amp#27;[39m
&amp#27;[35m[HTTP]&amp#27;[39m &amp#27;[90m&amp#27;[39m
&amp#27;[35m[HTTP]&amp#27;[39m &amp#27;[37m-->&amp#27;[39m &amp#27;[37mGET&amp#27;[39m &amp#27;[37m/wd/hub/session/a9b87e17-c8ab-4a29-92fe-4d73cbbccd90/element/dff4f79f-4093-4fb9-8d0d-88abdf7fcc3b/displayed&amp#27;[39m
&amp#27;[35m[HTTP]&amp#27;[39m &amp#27;[90m{}&amp#27;[39m
[debug] &amp#27;[35m[W3C (a9b87e17)]&amp#27;[39m Calling AppiumDriver.elementDisplayed() with args: ["dff4f79f-4093-4fb9-8d0d-88abdf7fcc3b","a9b87e17-c8ab-4a29-92fe-4d73cbbccd90"]
[debug] &amp#27;[35m[WD Proxy]&amp#27;[39m Matched '/element/dff4f79f-4093-4fb9-8d0d-88abdf7fcc3b/attribute/displayed' to command name 'getAttribute'
[debug] &amp#27;[35m[WD Proxy]&amp#27;[39m Proxying [GET /element/dff4f79f-4093-4fb9-8d0d-88abdf7fcc3b/attribute/displayed] to [GET http://127.0.0.1:8225/wd/hub/session/8ae78652-781d-4ad6-a11a-93d01f0b48f0/element/dff4f79f-4093-4fb9-8d0d-88abdf7fcc3b/attribute/displayed] with no body
[debug] &amp#27;[35m[WD Proxy]&amp#27;[39m Got response with status 200: {"sessionId":"8ae78652-781d-4ad6-a11a-93d01f0b48f0","value":"true"}
[debug] &amp#27;[35m[W3C (a9b87e17)]&amp#27;[39m Responding to client with driver.elementDisplayed() result: true
&amp#27;[35m[HTTP]&amp#27;[39m &amp#27;[37m<-- GET /wd/hub/session/a9b87e17-c8ab-4a29-92fe-4d73cbbccd90/element/dff4f79f-4093-4fb9-8d0d-88abdf7fcc3b/displayed &amp#27;[39m&amp#27;[32m200&amp#27;[39m &amp#27;[90m238 ms - 14&amp#27;[39m
&amp#27;[35m[HTTP]&amp#27;[39m &amp#27;[90m&amp#27;[39m
&amp#27;[35m[HTTP]&amp#27;[39m &amp#27;[37m-->&amp#27;[39m &amp#27;[37mGET&amp#27;[39m &amp#27;[37m/wd/hub/session/a9b87e17-c8ab-4a29-92fe-4d73cbbccd90/context&amp#27;[39m
&amp#27;[35m[HTTP]&amp#27;[39m &amp#27;[90m{}&amp#27;[39m
[debug] &amp#27;[35m[W3C (a9b87e17)]&amp#27;[39m Calling AppiumDriver.getCurrentContext() with args: ["a9b87e17-c8ab-4a29-92fe-4d73cbbccd90"]
[debug] &amp#27;[35m[W3C (a9b87e17)]&amp#27;[39m Responding to client with driver.getCurrentContext() result: "NATIVE_APP"
&amp#27;[35m[HTTP]&amp#27;[39m &amp#27;[37m<-- GET /wd/hub/session/a9b87e17-c8ab-4a29-92fe-4d73cbbccd90/context &amp#27;[39m&amp#27;[32m200&amp#27;[39m &amp#27;[90m2 ms - 22&amp#27;[39m
&amp#27;[35m[HTTP]&amp#27;[39m &amp#27;[90m&amp#27;[39m
&amp#27;[35m[HTTP]&amp#27;[39m &amp#27;[37m-->&amp#27;[39m &amp#27;[37mPOST&amp#27;[39m &amp#27;[37m/wd/hub/session/a9b87e17-c8ab-4a29-92fe-4d73cbbccd90/element&amp#27;[39m
&amp#27;[35m[HTTP]&amp#27;[39m &amp#27;[90m{"using":"xpath","value":"//*[@text='register / login']"}&amp#27;[39m
[debug] &amp#27;[35m[W3C (a9b87e17)]&amp#27;[39m Calling AppiumDriver.findElement() with args: ["xpath","//*[@text='register / login']","a9b87e17-c8ab-4a29-92fe-4d73cbbccd90"]
[debug] &amp#27;[35m[BaseDriver]&amp#27;[39m Valid locator strategies for this request: xpath, id, class name, accessibility id, -android uiautomator
[debug] &amp#27;[35m[BaseDriver]&amp#27;[39m Waiting up to 30000 ms for condition
[debug] &amp#27;[35m[WD Proxy]&amp#27;[39m Matched '/element' to command name 'findElement'
[debug] &amp#27;[35m[WD Proxy]&amp#27;[39m Proxying [POST /element] to [POST http://127.0.0.1:8225/wd/hub/session/8ae78652-781d-4ad6-a11a-93d01f0b48f0/element] with body: {"strategy":"xpath","selector":"//*[@text='register / login']","context":"","multiple":false}
[debug] &amp#27;[35m[WD Proxy]&amp#27;[39m Got response with status 200: {"sessionId":"8ae78652-781d-4ad6-a11a-93d01f0b48f0","value":{"ELEMENT":"ca7d4400-e2b0-4466-bfa6-14056ab74041","element-6066-11e4-a52e-4f735466cecf":"ca7d4400-e2b0-4466-bfa6-14056ab74041"}}
[debug] &amp#27;[35m[W3C (a9b87e17)]&amp#27;[39m Responding to client with driver.findElement() result: {"element-6066-11e4-a52e-4f735466cecf":"ca7d4400-e2b0-4466-bfa6-14056ab74041","ELEMENT":"ca7d4400-e2b0-4466-bfa6-14056ab74041"}
&amp#27;[35m[HTTP]&amp#27;[39m &amp#27;[37m<-- POST /wd/hub/session/a9b87e17-c8ab-4a29-92fe-4d73cbbccd90/element &amp#27;[39m&amp#27;[32m200&amp#27;[39m &amp#27;[90m214 ms - 137&amp#27;[39m
&amp#27;[35m[HTTP]&amp#27;[39m &amp#27;[90m&amp#27;[39m
&amp#27;[35m[HTTP]&amp#27;[39m &amp#27;[37m-->&amp#27;[39m &amp#27;[37mGET&amp#27;[39m &amp#27;[37m/wd/hub/session/a9b87e17-c8ab-4a29-92fe-4d73cbbccd90/element/ca7d4400-e2b0-4466-bfa6-14056ab74041/enabled&amp#27;[39m
&amp#27;[35m[HTTP]&amp#27;[39m &amp#27;[90m{}&amp#27;[39m
[debug] &amp#27;[35m[W3C (a9b87e17)]&amp#27;[39m Calling AppiumDriver.elementEnabled() with args: ["ca7d4400-e2b0-4466-bfa6-14056ab74041","a9b87e17-c8ab-4a29-92fe-4d73cbbccd90"]
[debug] &amp#27;[35m[WD Proxy]&amp#27;[39m Matched '/element/ca7d4400-e2b0-4466-bfa6-14056ab74041/attribute/enabled' to command name 'getAttribute'
[debug] &amp#27;[35m[WD Proxy]&amp#27;[39m Proxying [GET /element/ca7d4400-e2b0-4466-bfa6-14056ab74041/attribute/enabled] to [GET http://127.0.0.1:8225/wd/hub/session/8ae78652-781d-4ad6-a11a-93d01f0b48f0/element/ca7d4400-e2b0-4466-bfa6-14056ab74041/attribute/enabled] with no body
[debug] &amp#27;[35m[WD Proxy]&amp#27;[39m Got response with status 200: {"sessionId":"8ae78652-781d-4ad6-a11a-93d01f0b48f0","value":"true"}
[debug] &amp#27;[35m[W3C (a9b87e17)]&amp#27;[39m Responding to client with driver.elementEnabled() result: true
&amp#27;[35m[HTTP]&amp#27;[39m &amp#27;[37m<-- GET /wd/hub/session/a9b87e17-c8ab-4a29-92fe-4d73cbbccd90/element/ca7d4400-e2b0-4466-bfa6-14056ab74041/enabled &amp#27;[39m&amp#27;[32m200&amp#27;[39m &amp#27;[90m22 ms - 14&amp#27;[39m
&amp#27;[35m[HTTP]&amp#27;[39m &amp#27;[90m&amp#27;[39m
&amp#27;[35m[HTTP]&amp#27;[39m &amp#27;[37m-->&amp#27;[39m &amp#27;[37mGET&amp#27;[39m &amp#27;[37m/wd/hub/session/a9b87e17-c8ab-4a29-92fe-4d73cbbccd90/context&amp#27;[39m
&amp#27;[35m[HTTP]&amp#27;[39m &amp#27;[90m{}&amp#27;[39m
[debug] &amp#27;[35m[W3C (a9b87e17)]&amp#27;[39m Calling AppiumDriver.getCurrentContext() with args: ["a9b87e17-c8ab-4a29-92fe-4d73cbbccd90"]
[debug] &amp#27;[35m[W3C (a9b87e17)]&amp#27;[39m Responding to client with driver.getCurrentContext() result: "NATIVE_APP"
&amp#27;[35m[HTTP]&amp#27;[39m &amp#27;[37m<-- GET /wd/hub/session/a9b87e17-c8ab-4a29-92fe-4d73cbbccd90/context &amp#27;[39m&amp#27;[32m200&amp#27;[39m &amp#27;[90m2 ms - 22&amp#27;[39m
&amp#27;[35m[HTTP]&amp#27;[39m &amp#27;[90m&amp#27;[39m
&amp#27;[35m[HTTP]&amp#27;[39m &amp#27;[37m-->&amp#27;[39m &amp#27;[37mPOST&amp#27;[39m &amp#27;[37m/wd/hub/session/a9b87e17-c8ab-4a29-92fe-4d73cbbccd90/element&amp#27;[39m
&amp#27;[35m[HTTP]&amp#27;[39m &amp#27;[90m{"using":"xpath","value":"//*[@text='register / login']"}&amp#27;[39m
[debug] &amp#27;[35m[W3C (a9b87e17)]&amp#27;[39m Calling AppiumDriver.findElement() with args: ["xpath","//*[@text='register / login']","a9b87e17-c8ab-4a29-92fe-4d73cbbccd90"]
[debug] &amp#27;[35m[BaseDriver]&amp#27;[39m Valid locator strategies for this request: xpath, id, class name, accessibility id, -android uiautomator
[debug] &amp#27;[35m[BaseDriver]&amp#27;[39m Waiting up to 30000 ms for condition
[debug] &amp#27;[35m[WD Proxy]&amp#27;[39m Matched '/element' to command name 'findElement'
[debug] &amp#27;[35m[WD Proxy]&amp#27;[39m Proxying [POST /element] to [POST http://127.0.0.1:8225/wd/hub/session/8ae78652-781d-4ad6-a11a-93d01f0b48f0/element] with body: {"strategy":"xpath","selector":"//*[@text='register / login']","context":"","multiple":false}
[debug] &amp#27;[35m[WD Proxy]&amp#27;[39m Got response with status 200: {"sessionId":"8ae78652-781d-4ad6-a11a-93d01f0b48f0","value":{"ELEMENT":"42b8ba6e-2934-4dc5-b9e4-86f5c0de82fe","element-6066-11e4-a52e-4f735466cecf":"42b8ba6e-2934-4dc5-b9e4-86f5c0de82fe"}}
[debug] &amp#27;[35m[W3C (a9b87e17)]&amp#27;[39m Responding to client with driver.findElement() result: {"element-6066-11e4-a52e-4f735466cecf":"42b8ba6e-2934-4dc5-b9e4-86f5c0de82fe","ELEMENT":"42b8ba6e-2934-4dc5-b9e4-86f5c0de82fe"}
&amp#27;[35m[HTTP]&amp#27;[39m &amp#27;[37m<-- POST /wd/hub/session/a9b87e17-c8ab-4a29-92fe-4d73cbbccd90/element &amp#27;[39m&amp#27;[32m200&amp#27;[39m &amp#27;[90m214 ms - 137&amp#27;[39m
&amp#27;[35m[HTTP]&amp#27;[39m &amp#27;[90m&amp#27;[39m
&amp#27;[35m[HTTP]&amp#27;[39m &amp#27;[37m-->&amp#27;[39m &amp#27;[37mPOST&amp#27;[39m &amp#27;[37m/wd/hub/session/a9b87e17-c8ab-4a29-92fe-4d73cbbccd90/element/42b8ba6e-2934-4dc5-b9e4-86f5c0de82fe/click&amp#27;[39m
&amp#27;[35m[HTTP]&amp#27;[39m &amp#27;[90m{"id":"42b8ba6e-2934-4dc5-b9e4-86f5c0de82fe"}&amp#27;[39m
[debug] &amp#27;[35m[W3C (a9b87e17)]&amp#27;[39m Calling AppiumDriver.click() with args: ["42b8ba6e-2934-4dc5-b9e4-86f5c0de82fe","a9b87e17-c8ab-4a29-92fe-4d73cbbccd90"]
[debug] &amp#27;[35m[WD Proxy]&amp#27;[39m Matched '/element/42b8ba6e-2934-4dc5-b9e4-86f5c0de82fe/click' to command name 'click'
[debug] &amp#27;[35m[WD Proxy]&amp#27;[39m Proxying [POST /element/42b8ba6e-2934-4dc5-b9e4-86f5c0de82fe/click] to [POST http://127.0.0.1:8225/wd/hub/session/8ae78652-781d-4ad6-a11a-93d01f0b48f0/element/42b8ba6e-2934-4dc5-b9e4-86f5c0de82fe/click] with body: {"element":"42b8ba6e-2934-4dc5-b9e4-86f5c0de82fe"}
[debug] &amp#27;[35m[WD Proxy]&amp#27;[39m Got response with status 200: {"sessionId":"8ae78652-781d-4ad6-a11a-93d01f0b48f0","value":null}
[debug] &amp#27;[35m[W3C (a9b87e17)]&amp#27;[39m Responding to client with dri INFO [main] (TC_Android_001.java:37)- Click register buton
ver.click() result: null
&amp#27;[35m[HTTP]&amp#27;[39m &amp#27;[37m<-- POST /wd/hub/session/a9b87e17-c8ab-4a29-92fe-4d73cbbccd90/element/42b8ba6e-2934-4dc5-b9e4-86f5c0de82fe/click &amp#27;[39m&amp#27;[32m200&amp#27;[39m &amp#27;[90m73 ms - 14&amp#27;[39m
&amp#27;[35m[HTTP]&amp#27;[39m &amp#27;[90m&amp#27;[39m
&amp#27;[35m[HTTP]&amp#27;[39m &amp#27;[37m-->&amp#27;[39m &amp#27;[37mGET&amp#27;[39m &amp#27;[37m/wd/hub/session/a9b87e17-c8ab-4a29-92fe-4d73cbbccd90/context&amp#27;[39m
&amp#27;[35m[HTTP]&amp#27;[39m &amp#27;[90m{}&amp#27;[39m
[debug] &amp#27;[35m[W3C (a9b87e17)]&amp#27;[39m Calling AppiumDriver.getCurrentContext() with args: ["a9b87e17-c8ab-4a29-92fe-4d73cbbccd90"]
[debug] &amp#27;[35m[W3C (a9b87e17)]&amp#27;[39m Responding to client with driver.getCurrentContext() result: "NATIVE_APP"
&amp#27;[35m[HTTP]&amp#27;[39m &amp#27;[37m<-- GET /wd/hub/session/a9b87e17-c8ab-4a29-92fe-4d73cbbccd90/context &amp#27;[39m&amp#27;[32m200&amp#27;[39m &amp#27;[90m2 ms - 22&amp#27;[39m
&amp#27;[35m[HTTP]&amp#27;[39m &amp#27;[90m&amp#27;[39m
&amp#27;[35m[HTTP]&amp#27;[39m &amp#27;[37m-->&amp#27;[39m &amp#27;[37mPOST&amp#27;[39m &amp#27;[37m/wd/hub/session/a9b87e17-c8ab-4a29-92fe-4d73cbbccd90/element&amp#27;[39m
&amp#27;[35m[HTTP]&amp#27;[39m &amp#27;[90m{"using":"id","value":"com.freshii.freshii:id/txtRegisterWithEmail"}&amp#27;[39m
[debug] &amp#27;[35m[W3C (a9b87e17)]&amp#27;[39m Calling AppiumDriver.findElement() with args: ["id","com.freshii.freshii:id/txtRegisterWithEmail","a9b87e17-c8ab-4a29-92fe-4d73cbbccd90"]
[debug] &amp#27;[35m[BaseDriver]&amp#27;[39m Valid locator strategies for this request: xpath, id, class name, accessibility id, -android uiautomator
[debug] &amp#27;[35m[BaseDriver]&amp#27;[39m Waiting up to 30000 ms for condition
[debug] &amp#27;[35m[WD Proxy]&amp#27;[39m Matched '/element' to command name 'findElement'
[debug] &amp#27;[35m[WD Proxy]&amp#27;[39m Proxying [POST /element] to [POST http://127.0.0.1:8225/wd/hub/session/8ae78652-781d-4ad6-a11a-93d01f0b48f0/element] with body: {"strategy":"id","selector":"com.freshii.freshii:id/txtRegisterWithEmail","context":"","multiple":false}
[debug] &amp#27;[35m[WD Proxy]&amp#27;[39m Got response with status 200: {"sessionId":"8ae78652-781d-4ad6-a11a-93d01f0b48f0","value":{"ELEMENT":"cc36703c-1f49-44cc-bacb-0943b7ba0f72","element-6066-11e4-a52e-4f735466cecf":"cc36703c-1f49-44cc-bacb-0943b7ba0f72"}}
[debug] &amp#27;[35m[W3C (a9b87e17)]&amp#27;[39m Responding to client with driver.findElement() result: {"element-6066-11e4-a52e-4f735466cecf":"cc36703c-1f49-44cc-bacb-0943b7ba0f72","ELEMENT":"cc36703c-1f49-44cc-bacb-0943b7ba0f72"}
&amp#27;[35m[HTTP]&amp#27;[39m &amp#27;[37m<-- POST /wd/hub/session/a9b87e17-c8ab-4a29-92fe-4d73cbbccd90/element &amp#27;[39m&amp#27;[32m200&amp#27;[39m &amp#27;[90m116 ms - 137&amp#27;[39m
&amp#27;[35m[HTTP]&amp#27;[39m &amp#27;[90m&amp#27;[39m
&amp#27;[35m[HTTP]&amp#27;[39m &amp#27;[37m-->&amp#27;[39m &amp#27;[37mGET&amp#27;[39m &amp#27;[37m/wd/hub/session/a9b87e17-c8ab-4a29-92fe-4d73cbbccd90/element/cc36703c-1f49-44cc-bacb-0943b7ba0f72/displayed&amp#27;[39m
&amp#27;[35m[HTTP]&amp#27;[39m &amp#27;[90m{}&amp#27;[39m
[debug] &amp#27;[35m[W3C (a9b87e17)]&amp#27;[39m Calling AppiumDriver.elementDisplayed() with args: ["cc36703c-1f49-44cc-bacb-0943b7ba0f72","a9b87e17-c8ab-4a29-92fe-4d73cbbccd90"]
[debug] &amp#27;[35m[WD Proxy]&amp#27;[39m Matched '/element/cc36703c-1f49-44cc-bacb-0943b7ba0f72/attribute/displayed' to command name 'getAttribute'
[debug] &amp#27;[35m[WD Proxy]&amp#27;[39m Proxying [GET /element/cc36703c-1f49-44cc-bacb-0943b7ba0f72/attribute/displayed] to [GET http://127.0.0.1:8225/wd/hub/session/8ae78652-781d-4ad6-a11a-93d01f0b48f0/element/cc36703c-1f49-44cc-bacb-0943b7ba0f72/attribute/displayed] with no body
[debug] &amp#27;[35m[WD Proxy]&amp#27;[39m Got response with status 200: {"sessionId":"8ae78652-781d-4ad6-a11a-93d01f0b48f0","value":"true"}
[debug] &amp#27;[35m[W3C (a9b87e17)]&amp#27;[39m Responding to client with driver.elementDisplayed() result: true
&amp#27;[35m[HTTP]&amp#27;[39m &amp#27;[37m<-- GET /wd/hub/session/a9b87e17-c8ab-4a29-92fe-4d73cbbccd90/element/cc36703c-1f49-44cc-bacb-0943b7ba0f72/displayed &amp#27;[39m&amp#27;[32m200&amp#27;[39m &amp#27;[90m485 ms - 14&amp#27;[39m
&amp#27;[35m[HTTP]&amp#27;[39m &amp#27;[90m&amp#27;[39m
&amp#27;[35m[HTTP]&amp#27;[39m &amp#27;[37m-->&amp#27;[39m &amp#27;[37mGET&amp#27;[39m &amp#27;[37m/wd/hub/session/a9b87e17-c8ab-4a29-92fe-4d73cbbccd90/context&amp#27;[39m
&amp#27;[35m[HTTP]&amp#27;[39m &amp#27;[90m{}&amp#27;[39m
[debug] &amp#27;[35m[W3C (a9b87e17)]&amp#27;[39m Calling AppiumDriver.getCurrentContext() with args: ["a9b87e17-c8ab-4a29-92fe-4d73cbbccd90"]
[debug] &amp#27;[35m[W3C (a9b87e17)]&amp#27;[39m Responding to client with driver.getCurrentContext() result: "NATIVE_APP"
&amp#27;[35m[HTTP]&amp#27;[39m &amp#27;[37m<-- GET /wd/hub/session/a9b87e17-c8ab-4a29-92fe-4d73cbbccd90/context &amp#27;[39m&amp#27;[32m200&amp#27;[39m &amp#27;[90m5 ms - 22&amp#27;[39m
&amp#27;[35m[HTTP]&amp#27;[39m &amp#27;[90m&amp#27;[39m
&amp#27;[35m[HTTP]&amp#27;[39m &amp#27;[37m-->&amp#27;[39m &amp#27;[37mPOST&amp#27;[39m &amp#27;[37m/wd/hub/session/a9b87e17-c8ab-4a29-92fe-4d73cbbccd90/element&amp#27;[39m
&amp#27;[35m[HTTP]&amp#27;[39m &amp#27;[90m{"using":"id","value":"com.freshii.freshii:id/txtRegisterWithEmail"}&amp#27;[39m
[debug] &amp#27;[35m[W3C (a9b87e17)]&amp#27;[39m Calling AppiumDriver.findElement() with args: ["id","com.freshii.freshii:id/txtRegisterWithEmail","a9b87e17-c8ab-4a29-92fe-4d73cbbccd90"]
[debug] &amp#27;[35m[BaseDriver]&amp#27;[39m Valid locator strategies for this request: xpath, id, class name, accessibility id, -android uiautomator
[debug] &amp#27;[35m[BaseDriver]&amp#27;[39m Waiting up to 30000 ms for condition
[debug] &amp#27;[35m[WD Proxy]&amp#27;[39m Matched '/element' to command name 'findElement'
[debug] &amp#27;[35m[WD Proxy]&amp#27;[39m Proxying [POST /element] to [POST http://127.0.0.1:8225/wd/hub/session/8ae78652-781d-4ad6-a11a-93d01f0b48f0/element] with body: {"strategy":"id","selector":"com.freshii.freshii:id/txtRegisterWithEmail","context":"","multiple":false}
[debug] &amp#27;[35m[WD Proxy]&amp#27;[39m Got response with status 200: {"sessionId":"8ae78652-781d-4ad6-a11a-93d01f0b48f0","value":{"ELEMENT":"c6ff7164-5f9d-494f-8ee8-1bfca00381c9","element-6066-11e4-a52e-4f735466cecf":"c6ff7164-5f9d-494f-8ee8-1bfca00381c9"}}
[debug] &amp#27;[35m[W3C (a9b87e17)]&amp#27;[39m Responding to client with driver.findElement() result: {"element-6066-11e4-a52e-4f735466cecf":"c6ff7164-5f9d-494f-8ee8-1bfca00381c9","ELEMENT":"c6ff7164-5f9d-494f-8ee8-1bfca00381c9"}
&amp#27;[35m[HTTP]&amp#27;[39m &amp#27;[37m<-- POST /wd/hub/session/a9b87e17-c8ab-4a29-92fe-4d73cbbccd90/element &amp#27;[39m&amp#27;[32m200&amp#27;[39m &amp#27;[90m38 ms - 137&amp#27;[39m
&amp#27;[35m[HTTP]&amp#27;[39m &amp#27;[90m&amp#27;[39m
&amp#27;[35m[HTTP]&amp#27;[39m &amp#27;[37m-->&amp#27;[39m &amp#27;[37mGET&amp#27;[39m &amp#27;[37m/wd/hub/session/a9b87e17-c8ab-4a29-92fe-4d73cbbccd90/element/c6ff7164-5f9d-494f-8ee8-1bfca00381c9/enabled&amp#27;[39m
&amp#27;[35m[HTTP]&amp#27;[39m &amp#27;[90m{}&amp#27;[39m
[debug] &amp#27;[35m[W3C (a9b87e17)]&amp#27;[39m Calling AppiumDriver.elementEnabled() with args: ["c6ff7164-5f9d-494f-8ee8-1bfca00381c9","a9b87e17-c8ab-4a29-92fe-4d73cbbccd90"]
[debug] &amp#27;[35m[WD Proxy]&amp#27;[39m Matched '/element/c6ff7164-5f9d-494f-8ee8-1bfca00381c9/attribute/enabled' to command name 'getAttribute'
[debug] &amp#27;[35m[WD Proxy]&amp#27;[39m Proxying [GET /element/c6ff7164-5f9d-494f-8ee8-1bfca00381c9/attribute/enabled] to [GET http://127.0.0.1:8225/wd/hub/session/8ae78652-781d-4ad6-a11a-93d01f0b48f0/element/c6ff7164-5f9d-494f-8ee8-1bfca00381c9/attribute/enabled] with no body
[debug] &amp#27;[35m[WD Proxy]&amp#27;[39m Got response with status 200: {"sessionId":"8ae78652-781d-4ad6-a11a-93d01f0b48f0","value":"true"}
[debug] &amp#27;[35m[W3C (a9b87e17)]&amp#27;[39m Responding to client with driver.elementEnabled() result: true
&amp#27;[35m[HTTP]&amp#27;[39m &amp#27;[37m<-- GET /wd/hub/session/a9b87e17-c8ab-4a29-92fe-4d73cbbccd90/element/c6ff7164-5f9d-494f-8ee8-1bfca00381c9/enabled &amp#27;[39m&amp#27;[32m200&amp#27;[39m &amp#27;[90m27 ms - 14&amp#27;[39m
&amp#27;[35m[HTTP]&amp#27;[39m &amp#27;[90m&amp#27;[39m
&amp#27;[35m[HTTP]&amp#27;[39m &amp#27;[37m-->&amp#27;[39m &amp#27;[37mGET&amp#27;[39m &amp#27;[37m/wd/hub/session/a9b87e17-c8ab-4a29-92fe-4d73cbbccd90/context&amp#27;[39m
&amp#27;[35m[HTTP]&amp#27;[39m &amp#27;[90m{}&amp#27;[39m
[debug] &amp#27;[35m[W3C (a9b87e17)]&amp#27;[39m Calling AppiumDriver.getCurrentContext() with args: ["a9b87e17-c8ab-4a29-92fe-4d73cbbccd90"]
[debug] &amp#27;[35m[W3C (a9b87e17)]&amp#27;[39m Responding to client with driver.getCurrentContext() result: "NATIVE_APP"
&amp#27;[35m[HTTP]&amp#27;[39m &amp#27;[37m<-- GET /wd/hub/session/a9b87e17-c8ab-4a29-92fe-4d73cbbccd90/context &amp#27;[39m&amp#27;[32m200&amp#27;[39m &amp#27;[90m2 ms - 22&amp#27;[39m
&amp#27;[35m[HTTP]&amp#27;[39m &amp#27;[90m&amp#27;[39m
&amp#27;[35m[HTTP]&amp#27;[39m &amp#27;[37m-->&amp#27;[39m &amp#27;[37mPOST&amp#27;[39m &amp#27;[37m/wd/hub/session/a9b87e17-c8ab-4a29-92fe-4d73cbbccd90/element&amp#27;[39m
&amp#27;[35m[HTTP]&amp#27;[39m &amp#27;[90m{"using":"id","value":"com.freshii.freshii:id/txtRegisterWithEmail"}&amp#27;[39m
[debug] &amp#27;[35m[W3C (a9b87e17)]&amp#27;[39m Calling AppiumDriver.findElement() with args: ["id","com.freshii.freshii:id/txtRegisterWithEmail","a9b87e17-c8ab-4a29-92fe-4d73cbbccd90"]
[debug] &amp#27;[35m[BaseDriver]&amp#27;[39m Valid locator strategies for this request: xpath, id, class name, accessibility id, -android uiautomator
[debug] &amp#27;[35m[BaseDriver]&amp#27;[39m Waiting up to 30000 ms for condition
[debug] &amp#27;[35m[WD Proxy]&amp#27;[39m Matched '/element' to command name 'findElement'
[debug] &amp#27;[35m[WD Proxy]&amp#27;[39m Proxying [POST /element] to [POST http://127.0.0.1:8225/wd/hub/session/8ae78652-781d-4ad6-a11a-93d01f0b48f0/element] with body: {"strategy":"id","selector":"com.freshii.freshii:id/txtRegisterWithEmail","context":"","multiple":false}
[...]
&amp#27;[35m[WD Proxy]&amp#27;[39m Got response with status 404: {"sessionId":"5accc398-ac09-4c96-a794-097885321799","value":{"error":"no such element","message":"An element could not be located on the page using the given search parameters","stacktrace":"io.appium.uiautomator2.common.exceptions.ElementNotFoundException: An element could not be located on the page using the given search parameters\n\tat io.appium.uiautomator2.handler.FindElement.safeHandle(FindElement.java:73)\n\tat io.appium.uiautomator2.handler.request.SafeRequestHandler.handle(SafeRequestHandler.java:41)\n\tat io.appium.uiautomator2.server.AppiumServlet.handleRequest(AppiumServlet.java:257)\n\tat io.appium.uiautomator2.server.AppiumServlet.handleHttpRequest(AppiumServlet.java:247)\n\tat io.appium.uiautomator2.http.ServerHandler.channelRead(ServerHandler.java:50)\n\tat io.netty.channel.AbstractChannelHandlerContext.invokeChannelRead(AbstractChannelHandlerContext.java:366)\n\tat io.netty.channel.AbstractChannelHandlerContext.invokeChannelRead(AbstractChannelHandlerContext.java:352)\n\tat io.netty.chann...
[debug] &amp#27;[35m[W3C]&amp#27;[39m Matched W3C error code 'no such element' to NoSuchElementError
[debug] &amp#27;[35m[BaseDriver]&amp#27;[39m Waited for 25171 ms so far
[debug] &amp#27;[35m[WD Proxy]&amp#27;[39m Matched '/element' to command name 'findElement'
[debug] &amp#27;[35m[WD Proxy]&amp#27;[39m Proxying [POST /element] to [POST http://127.0.0.1:8226/wd/hub/session/5accc398-ac09-4c96-a794-097885321799/element] with body: {"strategy":"id","selector":"com.freshii.freshii:id/imgHome","context":"","multiple":false}
&amp#27;[35m[WD Proxy]&amp#27;[39m Got response with status 404: {"sessionId":"5accc398-ac09-4c96-a794-097885321799","value":{"error":"no such element","message":"An element could not be located on the page using the given search parameters","stacktrace":"io.appium.uiautomator2.common.exceptions.ElementNotFoundException: An element could not be located on the page using the given search parameters\n\tat io.appium.uiautomator2.handler.FindElement.safeHandle(FindElement.java:73)\n\tat io.appium.uiautomator2.handler.request.SafeRequestHandler.handle(SafeRequestHandler.java:41)\n\tat io.appium.uiautomator2.server.AppiumServlet.handleRequest(AppiumServlet.java:257)\n\tat io.appium.uiautomator2.server.AppiumServlet.handleHttpRequest(AppiumServlet.java:247)\n\tat io.appium.uiautomator2.http.ServerHandler.channelRead(ServerHandler.java:50)\n\tat io.netty.channel.AbstractChannelHandlerContext.invokeChannelRead(AbstractChannelHandlerContext.java:366)\n\tat io.netty.channel.AbstractChannelHandlerContext.invokeChannelRead(AbstractChannelHandlerContext.java:352)\n\tat io.netty.chann...
[debug] &amp#27;[35m[W3C]&amp#27;[39m Matched W3C error code 'no such element' to NoSuchElementError
[debug] &amp#27;[35m[BaseDriver]&amp#27;[39m Waited for 25720 ms so far
[debug] &amp#27;[35m[WD Proxy]&amp#27;[39m Matched '/element' to command name 'findElement'
[debug] &amp#27;[35m[WD Proxy]&amp#27;[39m Proxying [POST /element] to [POST http://127.0.0.1:8226/wd/hub/session/5accc398-ac09-4c96-a794-097885321799/element] with body: {"strategy":"id","selector":"com.freshii.freshii:id/imgHome","context":"","multiple":false}
&amp#27;[35m[WD Proxy]&amp#27;[39m Got response with status 404: {"sessionId":"5accc398-ac09-4c96-a794-097885321799","value":{"error":"no such element","message":"An element could not be located on the page using the given search parameters","stacktrace":"io.appium.uiautomator2.common.exceptions.ElementNotFoundException: An element could not be located on the page using the given search parameters\n\tat io.appium.uiautomator2.handler.FindElement.safeHandle(FindElement.java:73)\n\tat io.appium.uiautomator2.handler.request.SafeRequestHandler.handle(SafeRequestHandler.java:41)\n\tat io.appium.uiautomator2.server.AppiumServlet.handleRequest(AppiumServlet.java:257)\n\tat io.appium.uiautomator2.server.AppiumServlet.handleHttpRequest(AppiumServlet.java:247)\n\tat io.appium.uiautomator2.http.ServerHandler.channelRead(ServerHandler.java:50)\n\tat io.netty.channel.AbstractChannelHandlerContext.invokeChannelRead(AbstractChannelHandlerContext.java:366)\n\tat io.netty.channel.AbstractChannelHandlerContext.invokeChannelRead(AbstractChannelHandlerContext.java:352)\n\tat io.netty.chann...
[debug] &amp#27;[35m[W3C]&amp#27;[39m Matched W3C error code 'no such element' to NoSuchElementError
[debug] &amp#27;[35m[BaseDriver]&amp#27;[39m Waited for 26270 ms so far
[debug] &amp#27;[35m[WD Proxy]&amp#27;[39m Matched '/element' to command name 'findElement'
[debug] &amp#27;[35m[WD Proxy]&amp#27;[39m Proxying [POST /element] to [POST http://127.0.0.1:8226/wd/hub/session/5accc398-ac09-4c96-a794-097885321799/element] with body: {"strategy":"id","selector":"com.freshii.freshii:id/imgHome","context":"","multiple":false}
&amp#27;[35m[WD Proxy]&amp#27;[39m Got response with status 404: {"sessionId":"5accc398-ac09-4c96-a794-097885321799","value":{"error":"no such element","message":"An element could not be located on the page using the given search parameters","stacktrace":"io.appium.uiautomator2.common.exceptions.ElementNotFoundException: An element could not be located on the page using the given search parameters\n\tat io.appium.uiautomator2.handler.FindElement.safeHandle(FindElement.java:73)\n\tat io.appium.uiautomator2.handler.request.SafeRequestHandler.handle(SafeRequestHandler.java:41)\n\tat io.appium.uiautomator2.server.AppiumServlet.handleRequest(AppiumServlet.java:257)\n\tat io.appium.uiautomator2.server.AppiumServlet.handleHttpRequest(AppiumServlet.java:247)\n\tat io.appium.uiautomator2.http.ServerHandler.channelRead(ServerHandler.java:50)\n\tat io.netty.channel.AbstractChannelHandlerContext.invokeChannelRead(AbstractChannelHandlerContext.java:366)\n\tat io.netty.channel.AbstractChannelHandlerContext.invokeChannelRead(AbstractChannelHandlerContext.java:352)\n\tat io.netty.chann...
[debug] &amp#27;[35m[W3C]&amp#27;[39m Matched W3C error code 'no such element' to NoSuchElementError
[debug] &amp#27;[35m[BaseDriver]&amp#27;[39m Waited for 26803 ms so far
[debug] &amp#27;[35m[WD Proxy]&amp#27;[39m Matched '/element' to command name 'findElement'
[debug] &amp#27;[35m[WD Proxy]&amp#27;[39m Proxying [POST /element] to [POST http://127.0.0.1:8226/wd/hub/session/5accc398-ac09-4c96-a794-097885321799/element] with body: {"strategy":"id","selector":"com.freshii.freshii:id/imgHome","context":"","multiple":false}
&amp#27;[35m[WD Proxy]&amp#27;[39m Got response with status 404: {"sessionId":"5accc398-ac09-4c96-a794-097885321799","value":{"error":"no such element","message":"An element could not be located on the page using the given search parameters","stacktrace":"io.appium.uiautomator2.common.exceptions.ElementNotFoundException: An element could not be located on the page using the given search parameters\n\tat io.appium.uiautomator2.handler.FindElement.safeHandle(FindElement.java:73)\n\tat io.appium.uiautomator2.handler.request.SafeRequestHandler.handle(SafeRequestHandler.java:41)\n\tat io.appium.uiautomator2.server.AppiumServlet.handleRequest(AppiumServlet.java:257)\n\tat io.appium.uiautomator2.server.AppiumServlet.handleHttpRequest(AppiumServlet.java:247)\n\tat io.appium.uiautomator2.http.ServerHandler.channelRead(ServerHandler.java:50)\n\tat io.netty.channel.AbstractChannelHandlerContext.invokeChannelRead(AbstractChannelHandlerContext.java:366)\n\tat io.netty.channel.AbstractChannelHandlerContext.invokeChannelRead(AbstractChannelHandlerContext.java:352)\n\tat io.netty.chann...
[debug] &amp#27;[35m[W3C]&amp#27;[39m Matched W3C error code 'no such element' to NoSuchElementError
[debug] &amp#27;[35m[BaseDriver]&amp#27;[39m Waited for 27337 ms so far
[debug] &amp#27;[35m[WD Proxy]&amp#27;[39m Matched '/element' to command name 'findElement'
[debug] &amp#27;[35m[WD Proxy]&amp#27;[39m Proxying [POST /element] to [POST http://127.0.0.1:8226/wd/hub/session/5accc398-ac09-4c96-a794-097885321799/element] with body: {"strategy":"id","selector":"com.freshii.freshii:id/imgHome","context":"","multiple":false}
&amp#27;[35m[WD Proxy]&amp#27;[39m Got response with status 404: {"sessionId":"5accc398-ac09-4c96-a794-097885321799","value":{"error":"no such element","message":"An element could not be located on the page using the given search parameters","stacktrace":"io.appium.uiautomator2.common.exceptions.ElementNotFoundException: An element could not be located on the page using the given search parameters\n\tat io.appium.uiautomator2.handler.FindElement.safeHandle(FindElement.java:73)\n\tat io.appium.uiautomator2.handler.request.SafeRequestHandler.handle(SafeRequestHandler.java:41)\n\tat io.appium.uiautomator2.server.AppiumServlet.handleRequest(AppiumServlet.java:257)\n\tat io.appium.uiautomator2.server.AppiumServlet.handleHttpRequest(AppiumServlet.java:247)\n\tat io.appium.uiautomator2.http.ServerHandler.channelRead(ServerHandler.java:50)\n\tat io.netty.channel.AbstractChannelHandlerContext.invokeChannelRead(AbstractChannelHandlerContext.java:366)\n\tat io.netty.channel.AbstractChannelHandlerContext.invokeChannelRead(AbstractChannelHandlerContext.java:352)\n\tat io.netty.chann...
[debug] &amp#27;[35m[W3C]&amp#27;[39m Matched W3C error code 'no such element' to NoSuchElementError
[debug] &amp#27;[35m[BaseDriver]&amp#27;[39m Waited for 27880 ms so far
[debug] &amp#27;[35m[WD Proxy]&amp#27;[39m Matched '/element' to command name 'findElement'
[debug] &amp#27;[35m[WD Proxy]&amp#27;[39m Proxying [POST /element] to [POST http://127.0.0.1:8226/wd/hub/session/5accc398-ac09-4c96-a794-097885321799/element] with body: {"strategy":"id","selector":"com.freshii.freshii:id/imgHome","context":"","multiple":false}
&amp#27;[35m[WD Proxy]&amp#27;[39m Got response with status 404: {"sessionId":"5accc398-ac09-4c96-a794-097885321799","value":{"error":"no such element","message":"An element could not be located on the page using the given search parameters","stacktrace":"io.appium.uiautomator2.common.exceptions.ElementNotFoundException: An element could not be located on the page using the given search parameters\n\tat io.appium.uiautomator2.handler.FindElement.safeHandle(FindElement.java:73)\n\tat io.appium.uiautomator2.handler.request.SafeRequestHandler.handle(SafeRequestHandler.java:41)\n\tat io.appium.uiautomator2.server.AppiumServlet.handleRequest(AppiumServlet.java:257)\n\tat io.appium.uiautomator2.server.AppiumServlet.handleHttpRequest(AppiumServlet.java:247)\n\tat io.appium.uiautomator2.http.ServerHandler.channelRead(ServerHandler.java:50)\n\tat io.netty.channel.AbstractChannelHandlerContext.invokeChannelRead(AbstractChannelHandlerContext.java:366)\n\tat io.netty.channel.AbstractChannelHandlerContext.invokeChannelRead(AbstractChannelHandlerContext.java:352)\n\tat io.netty.chann...
[debug] &amp#27;[35m[W3C]&amp#27;[39m Matched W3C error code 'no such element' to NoSuchElementError
[debug] &amp#27;[35m[BaseDriver]&amp#27;[39m Waited for 28416 ms so far
[debug] &amp#27;[35m[WD Proxy]&amp#27;[39m Matched '/element' to command name 'findElement'
[debug] &amp#27;[35m[WD Proxy]&amp#27;[39m Proxying [POST /element] to [POST http://127.0.0.1:8226/wd/hub/session/5accc398-ac09-4c96-a794-097885321799/element] with body: {"strategy":"id","selector":"com.freshii.freshii:id/imgHome","context":"","multiple":false}
&amp#27;[35m[WD Proxy]&amp#27;[39m Got response with status 404: {"sessionId":"5accc398-ac09-4c96-a794-097885321799","value":{"error":"no such element","message":"An element could not be located on the page using the given search parameters","stacktrace":"io.appium.uiautomator2.common.exceptions.ElementNotFoundException: An element could not be located on the page using the given search parameters\n\tat io.appium.uiautomator2.handler.FindElement.safeHandle(FindElement.java:73)\n\tat io.appium.uiautomator2.handler.request.SafeRequestHandler.handle(SafeRequestHandler.java:41)\n\tat io.appium.uiautomator2.server.AppiumServlet.handleRequest(AppiumServlet.java:257)\n\tat io.appium.uiautomator2.server.AppiumServlet.handleHttpRequest(AppiumServlet.java:247)\n\tat io.appium.uiautomator2.http.ServerHandler.channelRead(ServerHandler.java:50)\n\tat io.netty.channel.AbstractChannelHandlerContext.invokeChannelRead(AbstractChannelHandlerContext.java:366)\n\tat io.netty.channel.AbstractChannelHandlerContext.invokeChannelRead(AbstractChannelHandlerContext.java:352)\n\tat io.netty.chann...
[debug] &amp#27;[35m[W3C]&amp#27;[39m Matched W3C error code 'no such element' to NoSuchElementError
[debug] &amp#27;[35m[BaseDriver]&amp#27;[39m Waited for 28947 ms so far
[debug] &amp#27;[35m[WD Proxy]&amp#27;[39m Matched '/element' to command name 'findElement'
[debug] &amp#27;[35m[WD Proxy]&amp#27;[39m Proxying [POST /element] to [POST http://127.0.0.1:8226/wd/hub/session/5accc398-ac09-4c96-a794-097885321799/element] with body: {"strategy":"id","selector":"com.freshii.freshii:id/imgHome","context":"","multiple":false}
&amp#27;[35m[WD Proxy]&amp#27;[39m Got response with status 404: {"sessionId":"5accc398-ac09-4c96-a794-097885321799","value":{"error":"no such element","message":"An element could not be located on the page using the given search parameters","stacktrace":"io.appium.uiautomator2.common.exceptions.ElementNotFoundException: An element could not be located on the page using the given search parameters\n\tat io.appium.uiautomator2.handler.FindElement.safeHandle(FindElement.java:73)\n\tat io.appium.uiautomator2.handler.request.SafeRequestHandler.handle(SafeRequestHandler.java:41)\n\tat io.appium.uiautomator2.server.AppiumServlet.handleRequest(AppiumServlet.java:257)\n\tat io.appium.uiautomator2.server.AppiumServlet.handleHttpRequest(AppiumServlet.java:247)\n\tat io.appium.uiautomator2.http.ServerHandler.channelRead(ServerHandler.java:50)\n\tat io.netty.channel.AbstractChannelHandlerContext.invokeChannelRead(AbstractChannelHandlerContext.java:366)\n\tat io.netty.channel.AbstractChannelHandlerContext.invokeChannelRead(AbstractChannelHandlerContext.java:352)\n\tat io.netty.chann...
[debug] &amp#27;[35m[W3C]&amp#27;[39m Matched W3C error code 'no such element' to NoSuchElementError
[debug] &amp#27;[35m[BaseDriver]&amp#27;[39m Waited for 29482 ms so far
[debug] &amp#27;[35m[WD Proxy]&amp#27;[39m Matched '/element' to command name 'findElement'
[debug] &amp#27;[35m[WD Proxy]&amp#27;[39m Proxying [POST /element] to [POST http://127.0.0.1:8226/wd/hub/session/5accc398-ac09-4c96-a794-097885321799/element] with body: {"strategy":"id","selector":"com.freshii.freshii:id/imgHome","context":"","multiple":false}
&amp#27;[35m[WD Proxy]&amp#27;[39m Got response with status 404: {"sessionId":"5accc398-ac09-4c96-a794-097885321799","value":{"error":"no such element","message":"An element could not be located on the page using the given search parameters","stacktrace":"io.appium.uiautomator2.common.exceptions.ElementNotFoundException: An element could not be located on the page using the given search parameters\n\tat io.appium.uiautomator2.handler.FindElement.safeHandle(FindElement.java:73)\n\tat io.appium.uiautomator2.handler.request.SafeRequestHandler.handle(SafeRequestHandler.java:41)\n\tat io.appium.uiautomator2.server.AppiumServlet.handleRequest(AppiumServlet.java:257)\n\tat io.appium.uiautomator2.server.AppiumServlet.handleHttpRequest(AppiumServlet.java:247)\n\tat io.appium.uiautomator2.http.ServerHandler.channelRead(ServerHandler.java:50)\n\tat io.netty.channel.AbstractChannelHandlerContext.invokeChannelRead(AbstractChannelHandlerContext.java:366)\n\tat io.netty.channel.AbstractChannelHandlerContext.invokeChannelRead(AbstractChannelHandlerContext.java:352)\n\tat io.netty.chann...
[debug] &amp#27;[35m[W3C]&amp#27;[39m Matched W3C error code 'no such element' to NoSuchElementError
[debug] &amp#27;[35m[W3C (017e9dc9)]&amp#27;[39m Encountered internal error running command: NoSuchElementError: An element could not be located on the page using the given search parameters.
[debug] &amp#27;[35m[W3C (017e9dc9)]&amp#27;[39m     at AndroidUiautomator2Driver.findElOrEls (C:\Users\shuhang\AppData\Roaming\npm\node_modules\appium\node_modules\appium-android-driver\lib\commands\find.js:75:11)
[debug] &amp#27;[35m[W3C (017e9dc9)]&amp#27;[39m     at processTicksAndRejections (internal/process/task_queues.js:97:5)
&amp#27;[35m[HTTP]&amp#27;[39m &amp#27;[37m<-- POST /wd/hub/session/017e9dc9-c3a3-4605-bd13-432c775751ca/element &amp#27;[39m&amp#27;[33m404&amp#27;[39m &amp#27;[90m30049 ms - 494&amp#27;[39m
&amp#27;Failed Test
[35m[HTTP]&amp#27;[39m &amp#27;[90m&amp#27;[39m
&amp#27;[35m[HTTP]&amp#27;[39m &amp#27;[37m-->&amp#27;[39m &amp#27;[37mGET&amp#27;[39m &amp#27;[37m/wd/hub/session/017e9dc9-c3a3-4605-bd13-432c775751ca/screenshot&amp#27;[39m
&amp#27;[35m[HTTP]&amp#27;[39m &amp#27;[90m{}&amp#27;[39m
[debug] &amp#27;[35m[W3C (017e9dc9)]&amp#27;[39m Calling AppiumDriver.getScreenshot() with args: ["017e9dc9-c3a3-4605-bd13-432c775751ca"]
[debug] &amp#27;[35m[WD Proxy]&amp#27;[39m Matched '/screenshot' to command name 'getScreenshot'
[debug] &amp#27;[35m[WD Proxy]&amp#27;[39m Proxying [GET /screenshot] to [GET http://127.0.0.1:8226/wd/hub/session/5accc398-ac09-4c96-a794-097885321799/screenshot] with no body
[debug] &amp#27;[35m[WD Proxy]&amp#27;[39m Got response with status 200: {"sessionId":"5accc398-ac09-4c96-a794-097885321799","value":"iVBORw0KGgoAAAANSUhEUgAABDgAAAisCAYAAACtR1KuAAAAAXNSR0IArs4c6QAAAARzQklUCAgI\nCHwIZIgAACAASURBVHic7N13eFPn3T7w++hoeRvbeICx8QAMBBswe69MSBMSmqQtJWlImqZ92+bt\n7tu+nen8NU3bN6NpSdqsppCk2ZAEkrA3GMywjffA4ImnJEs65/z+cCQkW7YlW9Pcn+vKFUs+OueR\nvHhufZ/vI/R0GxUBAgRBgCAAAKCgj353EBERjZAQ6AEQERER0WiiFj5NNXr/9+nHfRMN/iOUiIiI\niIiIiIKYWhAECAB6gw5bksFEg4iIiIiIiIhCh7p3eQogQGCuQURE/sUlkERERETkJWpAgaL0hhvM\nN4iIyK/4h4eIiIiIvETV++aZAr6NRkREREREREShShXoARARERERERERjZRDwME6YSIiIiIiIiIK\nTazgICIiIiIiIqKQpw70AEYFti8hIiIiIiIiCihWcBARERERERFRyGMFhzewfQkRERERERFRQLGC\ng4iIiIiIiIhCHis4iMiJoihoam7Cro8+wvnz59HS2uLyOFEUkZycgnlz52LRgoWIiIiAIIR2OZOi\nKDCbzTCbzZBlGbIsQ1EUCIIAlUoFtVoNrVYLjUYT6KESEREREVEfgsXYowgABEEI+ckJka8pigKL\nxYLGpka0tLQidfx4xMTEQK0O/azQYrHgX/9+BcePH4dVskJR3O+eKwgCwvRhWLduHVYuXxFSv0us\nVitMJhN6enpgMBpQWVmFuot16OzsgsFogMVigV6vR0R4BGJjYzAxfSImTEhFmD4M4eHhEEUx0E+B\niIiIiIjAgIOGqaenB1ar1eXnBEGAVqsdFZN+R0ajERWVlTh46BAuXCiBwWhA3Jg4zJo1C/mzZyN1\nfGpITnZlWcYTTz+FoqLzHoUa...
[debug] &amp#27;[35m[W3C (017e9dc9)]&amp#27;[39m Responding to client with driver.getScreenshot() result: "iVBORw0KGgoAAAANSUhEUgAABDgAAAisCAYAAACtR1KuAAAAAXNSR0IArs4c6QAAAARzQklUCAgI\nCHwIZIgAACAASURBVHic7N13eFPn3T7w++hoeRvbeICx8QAMBBswe69MSBMSmqQtJWlImqZ92+bt\n7tu+nen8NU3bN6NpSdqsppCk2ZAEkrA3GMywjffA4ImnJEs65/z+cCQkW7YlW9Pcn+vKFUs+OueR\nvHhufZ/vI/R0GxUBAgRBgCAAAKCgj353EBERjZAQ6AEQERER0WiiFj5NNXr/9+nHfRMN/iOUiIiI\niIiIiIKYWhAECAB6gw5bksFEg4iIiIiIiIhCh7p3eQogQGCuQURE/sUlkERERETkJWpAgaL0hhvM\nN4iIyK/4h4eIiIiIvETV++aZAr6NRkREREREREShShXoARARERERERERjZRDwME6YSIiIiIiIiIK\nTazgICIiIiIiIqKQpw70AEYFti8hIiIiIiIiCihWcBARERERERFRyGMFhzewfQkRERERERFRQLGC\ng4iIiIiIiIhCHis4iMiJoihoam7Cro8+wvnz59HS2uLyOFEUkZycgnlz52LRgoWIiIiAIIR2OZOi\nKDCbzTCbzZBlGbIsQ1EUCIIAlUoFtVoNrVYLjUYT6KESEREREVEfgsXYowgABEEI+ckJka8pigKL\nxYLGpka0tLQidfx4xMTEQK0O/azQYrHgX/9+BcePH4dVskJR3O+eKwgCwvRhWLduHVYuXxFSv0us\nVitMJhN6enpgMBpQWVmFuot16OzsgsFogMVigV6vR0R4BGJjYzAxfSImTEhFmD4M4eHhEEUx0E+B\niIiIiIjAgIOGqaenB1ar1eXnBEGAVqsdFZN+R0ajERWVlTh46BAuXCiBwWhA3Jg4zJo1C/mzZyN1\nfGpITnZlWcYTTz+FoqLzHoUarth+hzz5lyegUgX3CjhFUdDV1YW6ixdx5uwZlFdUoP7iRVislkEf\np1KpEB...
&amp#27;[35m[HTTP]&amp#27;[39m &amp#27;[37m<-- GET /wd/hub/session/017e9dc9-c3a3-4605-bd13-432c775751ca/screenshot &amp#27;[39m&amp#27;[32m200&amp#27;[39m &amp#27;[90m629 ms - 549068&amp#27;[39m
&amp#27;[35m[HTTP]&amp#27;[39m &amp#27;[90m&amp#27;[39m
]]></system-out>
    <system-err><![CDATA[Aug 14, 2020 5:35:50 PM io.appium.java_client.remote.AppiumCommandExecutor$1 lambda$0
INFO: Detected dialect: W3C
]]></system-err>
  </testcase>
</testsuite>